#
# There is insufficient memory for the Java Runtime Environment to continue.
# Native memory allocation (malloc) failed to allocate 1048576 bytes for AllocateHeap
# Possible reasons:
#   The system is out of physical RAM or swap space
#   The process is running with CompressedOops enabled, and the Java Heap may be blocking the growth of the native heap
# Possible solutions:
#   Reduce memory load on the system
#   Increase physical memory or swap space
#   Check if swap backing store is full
#   Decrease Java heap size (-Xmx/-Xms)
#   Decrease number of Java threads
#   Decrease Java thread stack sizes (-Xss)
#   Set larger code cache with -XX:ReservedCodeCacheSize=
#   JVM is running with Unscaled Compressed Oops mode in which the Java heap is
#     placed in the first 4GB address space. The Java Heap base address is the
#     maximum limit for the native heap growth. Please use -XX:HeapBaseMinAddress
#     to set the Java Heap base and to place the Java Heap above 4GB virtual address.
# This output file may be truncated or incomplete.
#
#  Out of Memory Error (./src/hotspot/share/memory/allocation.cpp:46), pid=9560, tid=2648
#
# JRE version:  (11.0.18+10) (build )
# Java VM: OpenJDK 64-Bit Server VM (11.0.18+10-LTS, mixed mode, sharing, tiered, compressed oops, g1 gc, windows-amd64)
# No core dump will be written. Minidumps are not enabled by default on client versions of Windows
#

---------------  S U M M A R Y ------------

Command Line: org.jetbrains.kotlin.cli.jvm.K2JVMCompiler @C:\Estudos\projetos\paper.me\mobile\node_modules\react-native-screens\android\build\20231110_3691958692638104858.compiler.options

Host: AMD Ryzen 5 3400G with Radeon Vega Graphics    , 8 cores, 13G,  Windows 11 , 64 bit Build 22621 (10.0.22621.2428)
Time: Fri Nov 10 16:28:23 2023 Hora oficial do Brasil elapsed time: 1.028048 seconds (0d 0h 0m 1s)

---------------  T H R E A D  ---------------

Current thread (0x000001d0547e9000):  JavaThread "Unknown thread" [_thread_in_vm, id=2648, stack(0x000000a4a3f00000,0x000000a4a4000000)]

Stack: [0x000000a4a3f00000,0x000000a4a4000000]
Native frames: (J=compiled Java code, j=interpreted, Vv=VM code, C=native code)
V  [jvm.dll+0x62bf8a]
V  [jvm.dll+0x7b8fb9]
V  [jvm.dll+0x7ba6a8]
V  [jvm.dll+0x7bad83]
V  [jvm.dll+0x250248]
V  [jvm.dll+0xb95d4]
V  [jvm.dll+0x2e5138]
V  [jvm.dll+0x792df7]
V  [jvm.dll+0x79458f]
V  [jvm.dll+0x363c69]
V  [jvm.dll+0x775d70]
V  [jvm.dll+0x3d297f]
V  [jvm.dll+0x3d4d11]
C  [jli.dll+0x5207]
C  [ucrtbase.dll+0x29363]
C  [KERNEL32.DLL+0x1257d]
C  [ntdll.dll+0x5aa78]


---------------  P R O C E S S  ---------------

Threads class SMR info:
_java_thread_list=0x000001d052561040, length=0, elements={
}

Java Threads: ( => current thread )

Other Threads:

=>0x000001d0547e9000 (exited) JavaThread "Unknown thread" [_thread_in_vm, id=2648, stack(0x000000a4a3f00000,0x000000a4a4000000)]

Threads with active compile tasks:

VM state:not at safepoint (not fully initialized)

VM Mutex/Monitor currently owned by a thread: None


[error occurred during error reporting (printing compressed oops mode), id 0xc0000005, EXCEPTION_ACCESS_VIOLATION (0xc0000005) at pc=0x00007ffcc94b3bd7]

GC Heap History (0 events):
No events

Deoptimization events (0 events):
No events

Classes redefined (0 events):
No events

Internal exceptions (0 events):
No events

Events (1 events):
Event: 0.018 Loaded shared library C:\Program Files\Microsoft\jdk-11.0.18.10-hotspot\bin\zip.dll


Dynamic libraries:
0x00007ff6dde30000 - 0x00007ff6dde3d000 	C:\Program Files\Microsoft\jdk-11.0.18.10-hotspot\bin\java.exe
0x00007ffd5c0d0000 - 0x00007ffd5c2e7000 	C:\WINDOWS\SYSTEM32\ntdll.dll
0x00007ffd5a5c0000 - 0x00007ffd5a684000 	C:\WINDOWS\System32\KERNEL32.DLL
0x00007ffd594c0000 - 0x00007ffd59866000 	C:\WINDOWS\System32\KERNELBASE.dll
0x00007ffd59b70000 - 0x00007ffd59c81000 	C:\WINDOWS\System32\ucrtbase.dll
0x00007ffd24f70000 - 0x00007ffd24f85000 	C:\Program Files\Microsoft\jdk-11.0.18.10-hotspot\bin\VCRUNTIME140.dll
0x00007ffd23150000 - 0x00007ffd23167000 	C:\Program Files\Microsoft\jdk-11.0.18.10-hotspot\bin\jli.dll
0x00007ffd5a710000 - 0x00007ffd5a8bd000 	C:\WINDOWS\System32\USER32.dll
0x00007ffd59e00000 - 0x00007ffd59e26000 	C:\WINDOWS\System32\win32u.dll
0x00007ffd5bc40000 - 0x00007ffd5bc69000 	C:\WINDOWS\System32\GDI32.dll
0x00007ffd59870000 - 0x00007ffd59988000 	C:\WINDOWS\System32\gdi32full.dll
0x00007ffd44c00000 - 0x00007ffd44e93000 	C:\WINDOWS\WinSxS\amd64_microsoft.windows.common-controls_6595b64144ccf1df_6.0.22621.2361_none_2712ced57382f843\COMCTL32.dll
0x00007ffd59a10000 - 0x00007ffd59aaa000 	C:\WINDOWS\System32\msvcp_win.dll
0x00007ffd59e30000 - 0x00007ffd59ed7000 	C:\WINDOWS\System32\msvcrt.dll
0x00007ffd5c050000 - 0x00007ffd5c081000 	C:\WINDOWS\System32\IMM32.DLL
0x00007ffd1c240000 - 0x00007ffd1c2db000 	C:\Program Files\Microsoft\jdk-11.0.18.10-hotspot\bin\msvcp140.dll
0x00007ffcc8d20000 - 0x00007ffcc98b2000 	C:\Program Files\Microsoft\jdk-11.0.18.10-hotspot\bin\server\jvm.dll
0x00007ffd5bb90000 - 0x00007ffd5bc40000 	C:\WINDOWS\System32\ADVAPI32.dll
0x00007ffd5bae0000 - 0x00007ffd5bb86000 	C:\WINDOWS\System32\sechost.dll
0x00007ffd5a8c0000 - 0x00007ffd5a9d7000 	C:\WINDOWS\System32\RPCRT4.dll
0x00007ffd5a6f0000 - 0x00007ffd5a6f8000 	C:\WINDOWS\System32\PSAPI.DLL
0x00007ffd432f0000 - 0x00007ffd432f9000 	C:\WINDOWS\SYSTEM32\WSOCK32.dll
0x00007ffd5ac00000 - 0x00007ffd5ac71000 	C:\WINDOWS\System32\WS2_32.dll
0x00007ffd507a0000 - 0x00007ffd507d4000 	C:\WINDOWS\SYSTEM32\WINMM.dll
0x00007ffd507e0000 - 0x00007ffd507ea000 	C:\WINDOWS\SYSTEM32\VERSION.dll
0x00007ffd583f0000 - 0x00007ffd58408000 	C:\WINDOWS\SYSTEM32\kernel.appcore.dll
0x00007ffd41250000 - 0x00007ffd41260000 	C:\Program Files\Microsoft\jdk-11.0.18.10-hotspot\bin\verify.dll
0x00007ffd4d3c0000 - 0x00007ffd4d5ee000 	C:\WINDOWS\SYSTEM32\DBGHELP.DLL
0x00007ffd5bc70000 - 0x00007ffd5bffa000 	C:\WINDOWS\System32\combase.dll
0x00007ffd5b5e0000 - 0x00007ffd5b6b7000 	C:\WINDOWS\System32\OLEAUT32.dll
0x00007ffd4ed10000 - 0x00007ffd4ed42000 	C:\WINDOWS\SYSTEM32\dbgcore.DLL
0x00007ffd59990000 - 0x00007ffd59a0a000 	C:\WINDOWS\System32\bcryptPrimitives.dll
0x00007ffd21f10000 - 0x00007ffd21f38000 	C:\Program Files\Microsoft\jdk-11.0.18.10-hotspot\bin\java.dll
0x00007ffd40550000 - 0x00007ffd4055a000 	C:\Program Files\Microsoft\jdk-11.0.18.10-hotspot\bin\jimage.dll
0x00007ffd208e0000 - 0x00007ffd208f8000 	C:\Program Files\Microsoft\jdk-11.0.18.10-hotspot\bin\zip.dll

dbghelp: loaded successfully - version: 4.0.5 - missing functions: none
symbol engine: initialized successfully - sym options: 0x614 - pdb path: .;C:\Program Files\Microsoft\jdk-11.0.18.10-hotspot\bin;C:\WINDOWS\SYSTEM32;C:\WINDOWS\WinSxS\amd64_microsoft.windows.common-controls_6595b64144ccf1df_6.0.22621.2361_none_2712ced57382f843;C:\Program Files\Microsoft\jdk-11.0.18.10-hotspot\bin\server

VM Arguments:
java_command: org.jetbrains.kotlin.cli.jvm.K2JVMCompiler @C:\Estudos\projetos\paper.me\mobile\node_modules\react-native-screens\android\build\20231110_3691958692638104858.compiler.options
java_class_path (initial): C:\Users\JoaoPedro\.gradle\caches\modules-2\files-2.1\org.jetbrains.kotlin\kotlin-compiler-embeddable\1.8.0\eb9118d4bcceaa2a94b2ae2a33a4ddba7c9a947f\kotlin-compiler-embeddable-1.8.0.jar;C:\Users\JoaoPedro\.gradle\caches\modules-2\files-2.1\org.jetbrains.kotlin\kotlin-stdlib\1.8.0\1796921c7a3e2e2665a83e6c8d33399336cd39bc\kotlin-stdlib-1.8.0.jar;C:\Users\JoaoPedro\.gradle\caches\modules-2\files-2.1\org.jetbrains.kotlin\kotlin-script-runtime\1.8.0\b2f7e760d283cb339974851c222a4c1d48f2d3d\kotlin-script-runtime-1.8.0.jar;C:\Users\JoaoPedro\.gradle\caches\modules-2\files-2.1\org.jetbrains.kotlin\kotlin-reflect\1.6.10\1cbe9c92c12a94eea200d23c2bbaedaf3daf5132\kotlin-reflect-1.6.10.jar;C:\Users\JoaoPedro\.gradle\caches\modules-2\files-2.1\org.jetbrains.kotlin\kotlin-daemon-embeddable\1.8.0\d255216c551685dc3a7e852b53617f5f01aaaa5c\kotlin-daemon-embeddable-1.8.0.jar;C:\Users\JoaoPedro\.gradle\caches\modules-2\files-2.1\org.jetbrains.intellij.deps\trove4j\1.0.20200330\3afb14d5f9ceb459d724e907a21145e8ff394f02\trove4j-1.0.20200330.jar;C:\Users\JoaoPedro\.gradle\caches\modules-2\files-2.1\net.java.dev.jna\jna\5.6.0\330f2244e9030119ab3030fc3fededc86713d9cc\jna-5.6.0.jar;C:\Users\JoaoPedro\.gradle\caches\modules-2\files-2.1\org.jetbrains.kotlin\kotlin-stdlib-common\1.8.0\f7197e7cc76453ac59f8b0f8d5137cc600becd36\kotlin-stdlib-common-1.8.0.jar;C:\Users\JoaoPedro\.gradle\caches\modules-2\files-2.1\org.jetbrains\annotations\13.0\919f0dfe192fb4e063e7dacadee7f8bb9a2672a9\annotations-13.0.jar
Launcher Type: SUN_STANDARD

[Global flags]
     intx CICompilerCount                          = 4                                         {product} {ergonomic}
     uint G1ConcRefinementThreads                  = 8                                         {product} {ergonomic}
   size_t G1HeapRegionSize                         = 1048576                                   {product} {ergonomic}
    uintx GCDrainStackTargetSize                   = 64                                        {product} {ergonomic}
   size_t InitialHeapSize                          = 234881024                                 {product} {ergonomic}
   size_t MaxHeapSize                              = 3745513472                                {product} {ergonomic}
   size_t MinHeapDeltaBytes                        = 1048576                                   {product} {ergonomic}
    uintx NonNMethodCodeHeapSize                   = 5836300                                {pd product} {ergonomic}
    uintx NonProfiledCodeHeapSize                  = 122910970                              {pd product} {ergonomic}
    uintx ProfiledCodeHeapSize                     = 122910970                              {pd product} {ergonomic}
    uintx ReservedCodeCacheSize                    = 251658240                              {pd product} {ergonomic}
     bool SegmentedCodeCache                       = true                                      {product} {ergonomic}
     bool UseCompressedClassPointers               = true                                 {lp64_product} {ergonomic}
     bool UseCompressedOops                        = true                                 {lp64_product} {ergonomic}
     bool UseG1GC                                  = true                                      {product} {ergonomic}
     bool UseLargePagesIndividualAllocation        = false                                  {pd product} {ergonomic}

Logging:
Log output configuration:
 #0: stdout all=warning uptime,level,tags
 #1: stderr all=off uptime,level,tags

Environment Variables:
JAVA_HOME=C:\Program Files\Microsoft\jdk-11.0.18.10-hotspot\
CLASSPATH=C:\Estudos\projetos\paper.me\mobile\android\\gradle\wrapper\gradle-wrapper.jar
PATH=C:\Estudos\projetos\paper.me\mobile\node_modules\.bin;C:\Estudos\projetos\paper.me\mobile\node_modules\.bin;C:\Estudos\projetos\paper.me\node_modules\.bin;C:\Estudos\projetos\node_modules\.bin;C:\Estudos\node_modules\.bin;C:\node_modules\.bin;C:\Users\JoaoPedro\AppData\Roaming\nvm\v18.17.1\node_modules\npm\node_modules\@npmcli\run-script\lib\node-gyp-bin;C:\Users\JOAOPE~1\AppData\Local\Temp\yarn--1699644138798-0.3644186080240057;C:\Estudos\projetos\paper.me\mobile\node_modules\.bin;C:\Users\JoaoPedro\AppData\Local\Yarn\Data\link\node_modules\.bin;C:\Program Files\libexec\lib\node_modules\npm\bin\node-gyp-bin;C:\Program Files\lib\node_modules\npm\bin\node-gyp-bin;C:\Program Files\nodejs\node_modules\npm\bin\node-gyp-bin;C:\Program Files (x86)\Common Files\Oracle\Java\javapath;C:\Program Files\Microsoft\jdk-11.0.18.10-hotspot\bin;C:\platform-tools;C:\Windows\System32;C:\ProgramData\chocolatey\bin;C:\Users\JoaoPedro\AppData\Local\Android\Sdk\platform-tools;C:\Program Files\OpenSSL-Win64\bin;;C:\WINDOWS\system32;C:\WINDOWS;C:\WINDOWS\System32\Wbem;C:\WINDOWS\System32\WindowsPowerShell\v1.0\;C:\WINDOWS\System32\OpenSSH\;C:\Program Files\Docker\Docker\resources\bin;C:\Users\JoaoPedro\AppData\Local\Microsoft\WindowsApps;C:\Users\JoaoPedro\AppData\Roaming\npm;C:\Users\JoaoPedro\AppData\Local\Programs\Microsoft VS Code\bin;C:\Program Files\MySQL\MySQL Server 8.0\bin;C:\MinGW\bin;C:\Users\JoaoPedro\AppData\Local\JetBrains\CLion 2021.1.2\bin;C:\Users\JoaoPedro\AppData\Local\hyper\app-3.0.2\resources\bin;C:\Users\JoaoPedro\AppData\Roaming\Composer\vendor\bin;C:\Users\JoaoPedro\AppData\Local\Programs\Hyper\resources\bin;C:\Users\JoaoPedro\AppData\Local\Yarn\bin;C:\Users\JoaoPedro\AppData\Roaming\nvm;C:\Program Files\nodejs;C:\Program Files\vtex\bin;C:\Users\JoaoPedro\AppData\Local\GitHubDesktop\bin;C:\Windows\System32;C:\Program Files\Git\bin;C:\Users\JoaoPedro\AppData\Local\Android\Sdk\platform-tools;C:\Users\João Pedro\AppData\Local\Programs\Microsoft VS Code\bin;C:\Program 
USERNAME=JoaoPedro
LANG=pt_BR.UTF-8
OS=Windows_NT
PROCESSOR_IDENTIFIER=AMD64 Family 23 Model 24 Stepping 1, AuthenticAMD
TMP=C:\Users\JOAOPE~1\AppData\Local\Temp
TEMP=C:\Users\JOAOPE~1\AppData\Local\Temp



---------------  S Y S T E M  ---------------

OS: Windows 11 , 64 bit Build 22621 (10.0.22621.2428)
OS uptime: 0 days 16:23 hours
Hyper-V role detected

CPU:total 8 (initial active 8) (8 cores per cpu, 2 threads per core) family 23 model 24 stepping 1 microcode 0x0, cmov, cx8, fxsr, mmx, sse, sse2, sse3, ssse3, sse4.1, sse4.2, popcnt, avx, avx2, aes, clmul, mmxext, 3dnowpref, lzcnt, sse4a, ht, tsc, tscinvbit, tscinv, bmi1, bmi2, adx, sha, fma

Memory: 4k page, system-wide physical 14284M (1643M free)
TotalPageFile size 24372M (AvailPageFile size 740M)
current process WorkingSet (physical memory assigned to process): 10M, peak: 10M
current process commit charge ("private bytes"): 11M, peak: 12M

vm_info: OpenJDK 64-Bit Server VM (11.0.18+10-LTS) for windows-amd64 JRE (11.0.18+10-LTS), built on Jan 18 2023 15:56:47 by "MicrosoftCorporation" with MS VC++ 15.9 (VS2017)

END.
