#
# There is insufficient memory for the Java Runtime Environment to continue.
# Native memory allocation (malloc) failed to allocate 541136 bytes for Chunk::new
# Possible reasons:
#   The system is out of physical RAM or swap space
#   The process is running with CompressedOops enabled, and the Java Heap may be blocking the growth of the native heap
# Possible solutions:
#   Reduce memory load on the system
#   Increase physical memory or swap space
#   Check if swap backing store is full
#   Decrease Java heap size (-Xmx/-Xms)
#   Decrease number of Java threads
#   Decrease Java thread stack sizes (-Xss)
#   Set larger code cache with -XX:ReservedCodeCacheSize=
#   JVM is running with Zero Based Compressed Oops mode in which the Java heap is
#     placed in the first 32GB address space. The Java Heap base address is the
#     maximum limit for the native heap growth. Please use -XX:HeapBaseMinAddress
#     to set the Java Heap base and to place the Java Heap above 32GB virtual address.
# This output file may be truncated or incomplete.
#
#  Out of Memory Error (./src/hotspot/share/memory/arena.cpp:197), pid=19472, tid=15252
#
# JRE version: OpenJDK Runtime Environment Microsoft-7208460 (11.0.18+10) (build 11.0.18+10-LTS)
# Java VM: OpenJDK 64-Bit Server VM Microsoft-7208460 (11.0.18+10-LTS, mixed mode, tiered, compressed oops, g1 gc, windows-amd64)
# No core dump will be written. Minidumps are not enabled by default on client versions of Windows
#

---------------  S U M M A R Y ------------

Command Line: org.jetbrains.kotlin.cli.jvm.K2JVMCompiler @C:\Estudos\projetos\paper.me\mobile\node_modules\react-native-webview\android\build\20231110_9176289869906654488.compiler.options

Host: AMD Ryzen 5 3400G with Radeon Vega Graphics    , 8 cores, 13G,  Windows 11 , 64 bit Build 22621 (10.0.22621.2428)
Time: Fri Nov 10 16:28:54 2023 Hora oficial do Brasil elapsed time: 31.427458 seconds (0d 0h 0m 31s)

---------------  T H R E A D  ---------------

Current thread (0x000001d4e3f09800):  JavaThread "C2 CompilerThread1" daemon [_thread_in_native, id=15252, stack(0x0000002017e00000,0x0000002017f00000)]


Current CompileTask:
C2:  31427 4719   !   4       org.jetbrains.kotlin.metadata.ProtoBuf$ValueParameter::<init> (513 bytes)

Stack: [0x0000002017e00000,0x0000002017f00000]
Native frames: (J=compiled Java code, j=interpreted, Vv=VM code, C=native code)
V  [jvm.dll+0x62bf8a]
V  [jvm.dll+0x7b8fb9]
V  [jvm.dll+0x7ba6a8]
V  [jvm.dll+0x7bad83]
V  [jvm.dll+0x250248]
V  [jvm.dll+0xc260c]
V  [jvm.dll+0xc2bcc]
V  [jvm.dll+0x35e182]
V  [jvm.dll+0x19ebe9]
V  [jvm.dll+0x209495]
V  [jvm.dll+0x20850d]
V  [jvm.dll+0x18a4b1]
V  [jvm.dll+0x217eec]
V  [jvm.dll+0x21612b]
V  [jvm.dll+0x77bac0]
V  [jvm.dll+0x7749f4]
V  [jvm.dll+0x62adf5]
C  [ucrtbase.dll+0x29363]
C  [KERNEL32.DLL+0x1257d]
C  [ntdll.dll+0x5aa78]


---------------  P R O C E S S  ---------------

Threads class SMR info:
_java_thread_list=0x000001d4e5ce1c00, length=11, elements={
0x000001d4bcfa7800, 0x000001d4e196e000, 0x000001d4e195f800, 0x000001d4e2273000,
0x000001d4e2276000, 0x000001d4e2277000, 0x000001d4e2279800, 0x000001d4e2222000,
0x000001d4e2223800, 0x000001d4e23ec800, 0x000001d4e3f09800
}

Java Threads: ( => current thread )
  0x000001d4bcfa7800 JavaThread "main" [_thread_in_native, id=6572, stack(0x0000002016700000,0x0000002016800000)]
  0x000001d4e196e000 JavaThread "Reference Handler" daemon [_thread_blocked, id=12656, stack(0x0000002016e00000,0x0000002016f00000)]
  0x000001d4e195f800 JavaThread "Finalizer" daemon [_thread_blocked, id=5672, stack(0x0000002016f00000,0x0000002017000000)]
  0x000001d4e2273000 JavaThread "Signal Dispatcher" daemon [_thread_blocked, id=6416, stack(0x0000002017000000,0x0000002017100000)]
  0x000001d4e2276000 JavaThread "Attach Listener" daemon [_thread_blocked, id=14748, stack(0x0000002017100000,0x0000002017200000)]
  0x000001d4e2277000 JavaThread "Service Thread" daemon [_thread_blocked, id=16028, stack(0x0000002017200000,0x0000002017300000)]
  0x000001d4e2279800 JavaThread "C2 CompilerThread0" daemon [_thread_blocked, id=20560, stack(0x0000002017300000,0x0000002017400000)]
  0x000001d4e2222000 JavaThread "C1 CompilerThread0" daemon [_thread_in_native, id=22676, stack(0x0000002017400000,0x0000002017500000)]
  0x000001d4e2223800 JavaThread "Sweeper thread" daemon [_thread_blocked, id=13748, stack(0x0000002017500000,0x0000002017600000)]
  0x000001d4e23ec800 JavaThread "Common-Cleaner" daemon [_thread_blocked, id=12852, stack(0x0000002017700000,0x0000002017800000)]
=>0x000001d4e3f09800 JavaThread "C2 CompilerThread1" daemon [_thread_in_native, id=15252, stack(0x0000002017e00000,0x0000002017f00000)]

Other Threads:
  0x000001d4e195b800 VMThread "VM Thread" [stack: 0x0000002016d00000,0x0000002016e00000] [id=11664]
  0x000001d4e23e3000 WatcherThread [stack: 0x0000002017600000,0x0000002017700000] [id=21476]
  0x000001d4bcfc1000 GCTaskThread "GC Thread#0" [stack: 0x0000002016800000,0x0000002016900000] [id=17484]
  0x000001d4e29f4800 GCTaskThread "GC Thread#1" [stack: 0x0000002017800000,0x0000002017900000] [id=21432]
  0x000001d4e26b1800 GCTaskThread "GC Thread#2" [stack: 0x0000002017900000,0x0000002017a00000] [id=10440]
  0x000001d4e2a0d800 GCTaskThread "GC Thread#3" [stack: 0x0000002017a00000,0x0000002017b00000] [id=7712]
  0x000001d4e2a0e000 GCTaskThread "GC Thread#4" [stack: 0x0000002017b00000,0x0000002017c00000] [id=8524]
  0x000001d4bd012000 ConcurrentGCThread "G1 Main Marker" [stack: 0x0000002016900000,0x0000002016a00000] [id=13200]
  0x000001d4bd013000 ConcurrentGCThread "G1 Conc#0" [stack: 0x0000002016a00000,0x0000002016b00000] [id=20176]
  0x000001d4e2cec800 ConcurrentGCThread "G1 Conc#1" [stack: 0x0000002017c00000,0x0000002017d00000] [id=7200]
  0x000001d4e1840800 ConcurrentGCThread "G1 Refine#0" [stack: 0x0000002016b00000,0x0000002016c00000] [id=22496]
  0x000001d4e2dd8800 ConcurrentGCThread "G1 Refine#1" [stack: 0x0000002017d00000,0x0000002017e00000] [id=23244]
  0x000001d4e1841800 ConcurrentGCThread "G1 Young RemSet Sampling" [stack: 0x0000002016c00000,0x0000002016d00000] [id=6308]

Threads with active compile tasks:
C2 CompilerThread1    31448 4719   !   4       org.jetbrains.kotlin.metadata.ProtoBuf$ValueParameter::<init> (513 bytes)

VM state:not at safepoint (normal execution)

VM Mutex/Monitor currently owned by a thread: None

Heap address: 0x0000000720c00000, size: 3572 MB, Compressed Oops mode: Zero based, Oop shift amount: 3
Narrow klass base: 0x0000000800000000, Narrow klass shift: 0
Compressed class space size: 1073741824 Address: 0x0000000800000000

Heap:
 garbage-first heap   total 229376K, used 61832K [0x0000000720c00000, 0x0000000800000000)
  region size 1024K, 42 young (43008K), 10 survivors (10240K)
 Metaspace       used 51320K, capacity 51977K, committed 52096K, reserved 1095680K
  class space    used 5912K, capacity 6190K, committed 6272K, reserved 1048576K
Heap Regions: E=young(eden), S=young(survivor), O=old, HS=humongous(starts), HC=humongous(continues), CS=collection set, F=free, A=archive, TAMS=top-at-mark-start (previous, next)
|   0|0x0000000720c00000, 0x0000000720d00000, 0x0000000720d00000|100%|HS|  |TAMS 0x0000000720d00000, 0x0000000720c00000| Complete 
|   1|0x0000000720d00000, 0x0000000720e00000, 0x0000000720e00000|100%|HC|  |TAMS 0x0000000720e00000, 0x0000000720d00000| Complete 
|   2|0x0000000720e00000, 0x0000000720f00000, 0x0000000720f00000|100%|HC|  |TAMS 0x0000000720f00000, 0x0000000720e00000| Complete 
|   3|0x0000000720f00000, 0x0000000721000000, 0x0000000721000000|100%|HS|  |TAMS 0x0000000721000000, 0x0000000720f00000| Complete 
|   4|0x0000000721000000, 0x0000000721100000, 0x0000000721100000|100%|HC|  |TAMS 0x0000000721100000, 0x0000000721000000| Complete 
|   5|0x0000000721100000, 0x0000000721200000, 0x0000000721200000|100%|HC|  |TAMS 0x0000000721200000, 0x0000000721100000| Complete 
|   6|0x0000000721200000, 0x0000000721300000, 0x0000000721300000|100%|HS|  |TAMS 0x0000000721200000, 0x0000000721200000| Complete 
|   7|0x0000000721300000, 0x0000000721400000, 0x0000000721400000|100%|HC|  |TAMS 0x0000000721300000, 0x0000000721300000| Complete 
|   8|0x0000000721400000, 0x0000000721500000, 0x0000000721500000|100%| O|  |TAMS 0x0000000721500000, 0x0000000721400000| Untracked 
|   9|0x0000000721500000, 0x0000000721600000, 0x0000000721600000|100%| O|  |TAMS 0x0000000721600000, 0x0000000721500000| Untracked 
|  10|0x0000000721600000, 0x0000000721700000, 0x0000000721700000|100%| O|  |TAMS 0x0000000721700000, 0x0000000721600000| Untracked 
|  11|0x0000000721700000, 0x0000000721800000, 0x0000000721800000|100%| O|  |TAMS 0x0000000721800000, 0x0000000721700000| Untracked 
|  12|0x0000000721800000, 0x0000000721900000, 0x0000000721900000|100%| O|  |TAMS 0x0000000721900000, 0x0000000721800000| Untracked 
|  13|0x0000000721900000, 0x0000000721a00000, 0x0000000721a00000|100%| O|  |TAMS 0x0000000721a00000, 0x0000000721900000| Untracked 
|  14|0x0000000721a00000, 0x0000000721b00000, 0x0000000721b00000|100%| O|  |TAMS 0x0000000721b00000, 0x0000000721a00000| Untracked 
|  15|0x0000000721b00000, 0x0000000721c00000, 0x0000000721c00000|100%| O|  |TAMS 0x0000000721c00000, 0x0000000721b00000| Untracked 
|  16|0x0000000721c00000, 0x0000000721d00000, 0x0000000721d00000|100%| O|  |TAMS 0x0000000721d00000, 0x0000000721c00000| Untracked 
|  17|0x0000000721d00000, 0x0000000721e00000, 0x0000000721e00000|100%| O|  |TAMS 0x0000000721e00000, 0x0000000721d00000| Untracked 
|  18|0x0000000721e00000, 0x0000000721f00000, 0x0000000721f00000|100%| O|  |TAMS 0x0000000721f00000, 0x0000000721e00000| Untracked 
|  19|0x0000000721f00000, 0x0000000722000000, 0x0000000722000000|100%| O|  |TAMS 0x0000000722000000, 0x0000000721f00000| Untracked 
|  20|0x0000000722000000, 0x0000000722054600, 0x0000000722100000| 32%| O|  |TAMS 0x0000000722054600, 0x0000000722000000| Untracked 
|  21|0x0000000722100000, 0x0000000722100000, 0x0000000722200000|  0%| F|  |TAMS 0x0000000722100000, 0x0000000722100000| Untracked 
|  22|0x0000000722200000, 0x0000000722200000, 0x0000000722300000|  0%| F|  |TAMS 0x0000000722200000, 0x0000000722200000| Untracked 
|  23|0x0000000722300000, 0x0000000722300000, 0x0000000722400000|  0%| F|  |TAMS 0x0000000722300000, 0x0000000722300000| Untracked 
|  24|0x0000000722400000, 0x0000000722400000, 0x0000000722500000|  0%| F|  |TAMS 0x0000000722400000, 0x0000000722400000| Untracked 
|  25|0x0000000722500000, 0x0000000722500000, 0x0000000722600000|  0%| F|  |TAMS 0x0000000722500000, 0x0000000722500000| Untracked 
|  26|0x0000000722600000, 0x0000000722600000, 0x0000000722700000|  0%| F|  |TAMS 0x0000000722600000, 0x0000000722600000| Untracked 
|  27|0x0000000722700000, 0x0000000722700000, 0x0000000722800000|  0%| F|  |TAMS 0x0000000722700000, 0x0000000722700000| Untracked 
|  28|0x0000000722800000, 0x0000000722800000, 0x0000000722900000|  0%| F|  |TAMS 0x0000000722800000, 0x0000000722800000| Untracked 
|  29|0x0000000722900000, 0x0000000722900000, 0x0000000722a00000|  0%| F|  |TAMS 0x0000000722900000, 0x0000000722900000| Untracked 
|  30|0x0000000722a00000, 0x0000000722a00000, 0x0000000722b00000|  0%| F|  |TAMS 0x0000000722a00000, 0x0000000722a00000| Untracked 
|  31|0x0000000722b00000, 0x0000000722b00000, 0x0000000722c00000|  0%| F|  |TAMS 0x0000000722b00000, 0x0000000722b00000| Untracked 
|  32|0x0000000722c00000, 0x0000000722c00000, 0x0000000722d00000|  0%| F|  |TAMS 0x0000000722c00000, 0x0000000722c00000| Untracked 
|  33|0x0000000722d00000, 0x0000000722d00000, 0x0000000722e00000|  0%| F|  |TAMS 0x0000000722d00000, 0x0000000722d00000| Untracked 
|  34|0x0000000722e00000, 0x0000000722e00000, 0x0000000722f00000|  0%| F|  |TAMS 0x0000000722e00000, 0x0000000722e00000| Untracked 
|  35|0x0000000722f00000, 0x0000000722f00000, 0x0000000723000000|  0%| F|  |TAMS 0x0000000722f00000, 0x0000000722f00000| Untracked 
|  36|0x0000000723000000, 0x0000000723000000, 0x0000000723100000|  0%| F|  |TAMS 0x0000000723000000, 0x0000000723000000| Untracked 
|  37|0x0000000723100000, 0x0000000723100000, 0x0000000723200000|  0%| F|  |TAMS 0x0000000723100000, 0x0000000723100000| Untracked 
|  38|0x0000000723200000, 0x0000000723200000, 0x0000000723300000|  0%| F|  |TAMS 0x0000000723200000, 0x0000000723200000| Untracked 
|  39|0x0000000723300000, 0x0000000723300000, 0x0000000723400000|  0%| F|  |TAMS 0x0000000723300000, 0x0000000723300000| Untracked 
|  40|0x0000000723400000, 0x0000000723400000, 0x0000000723500000|  0%| F|  |TAMS 0x0000000723400000, 0x0000000723400000| Untracked 
|  41|0x0000000723500000, 0x0000000723500000, 0x0000000723600000|  0%| F|  |TAMS 0x0000000723500000, 0x0000000723500000| Untracked 
|  42|0x0000000723600000, 0x0000000723600000, 0x0000000723700000|  0%| F|  |TAMS 0x0000000723600000, 0x0000000723600000| Untracked 
|  43|0x0000000723700000, 0x0000000723700000, 0x0000000723800000|  0%| F|  |TAMS 0x0000000723700000, 0x0000000723700000| Untracked 
|  44|0x0000000723800000, 0x0000000723800000, 0x0000000723900000|  0%| F|  |TAMS 0x0000000723800000, 0x0000000723800000| Untracked 
|  45|0x0000000723900000, 0x0000000723900000, 0x0000000723a00000|  0%| F|  |TAMS 0x0000000723900000, 0x0000000723900000| Untracked 
|  46|0x0000000723a00000, 0x0000000723a00000, 0x0000000723b00000|  0%| F|  |TAMS 0x0000000723a00000, 0x0000000723a00000| Untracked 
|  47|0x0000000723b00000, 0x0000000723b00000, 0x0000000723c00000|  0%| F|  |TAMS 0x0000000723b00000, 0x0000000723b00000| Untracked 
|  48|0x0000000723c00000, 0x0000000723c00000, 0x0000000723d00000|  0%| F|  |TAMS 0x0000000723c00000, 0x0000000723c00000| Untracked 
|  49|0x0000000723d00000, 0x0000000723d00000, 0x0000000723e00000|  0%| F|  |TAMS 0x0000000723d00000, 0x0000000723d00000| Untracked 
|  50|0x0000000723e00000, 0x0000000723e00000, 0x0000000723f00000|  0%| F|  |TAMS 0x0000000723e00000, 0x0000000723e00000| Untracked 
|  51|0x0000000723f00000, 0x0000000723f00000, 0x0000000724000000|  0%| F|  |TAMS 0x0000000723f00000, 0x0000000723f00000| Untracked 
|  52|0x0000000724000000, 0x0000000724000000, 0x0000000724100000|  0%| F|  |TAMS 0x0000000724000000, 0x0000000724000000| Untracked 
|  53|0x0000000724100000, 0x0000000724100000, 0x0000000724200000|  0%| F|  |TAMS 0x0000000724100000, 0x0000000724100000| Untracked 
|  54|0x0000000724200000, 0x0000000724200000, 0x0000000724300000|  0%| F|  |TAMS 0x0000000724200000, 0x0000000724200000| Untracked 
|  55|0x0000000724300000, 0x0000000724300000, 0x0000000724400000|  0%| F|  |TAMS 0x0000000724300000, 0x0000000724300000| Untracked 
|  56|0x0000000724400000, 0x0000000724400000, 0x0000000724500000|  0%| F|  |TAMS 0x0000000724400000, 0x0000000724400000| Untracked 
|  57|0x0000000724500000, 0x0000000724500000, 0x0000000724600000|  0%| F|  |TAMS 0x0000000724500000, 0x0000000724500000| Untracked 
|  58|0x0000000724600000, 0x0000000724600000, 0x0000000724700000|  0%| F|  |TAMS 0x0000000724600000, 0x0000000724600000| Untracked 
|  59|0x0000000724700000, 0x0000000724700000, 0x0000000724800000|  0%| F|  |TAMS 0x0000000724700000, 0x0000000724700000| Untracked 
|  60|0x0000000724800000, 0x0000000724800000, 0x0000000724900000|  0%| F|  |TAMS 0x0000000724800000, 0x0000000724800000| Untracked 
|  61|0x0000000724900000, 0x0000000724900000, 0x0000000724a00000|  0%| F|  |TAMS 0x0000000724900000, 0x0000000724900000| Untracked 
|  62|0x0000000724a00000, 0x0000000724a00000, 0x0000000724b00000|  0%| F|  |TAMS 0x0000000724a00000, 0x0000000724a00000| Untracked 
|  63|0x0000000724b00000, 0x0000000724b00000, 0x0000000724c00000|  0%| F|  |TAMS 0x0000000724b00000, 0x0000000724b00000| Untracked 
|  64|0x0000000724c00000, 0x0000000724c00000, 0x0000000724d00000|  0%| F|  |TAMS 0x0000000724c00000, 0x0000000724c00000| Untracked 
|  65|0x0000000724d00000, 0x0000000724d00000, 0x0000000724e00000|  0%| F|  |TAMS 0x0000000724d00000, 0x0000000724d00000| Untracked 
|  66|0x0000000724e00000, 0x0000000724e00000, 0x0000000724f00000|  0%| F|  |TAMS 0x0000000724e00000, 0x0000000724e00000| Untracked 
|  67|0x0000000724f00000, 0x0000000724f00000, 0x0000000725000000|  0%| F|  |TAMS 0x0000000724f00000, 0x0000000724f00000| Untracked 
|  68|0x0000000725000000, 0x0000000725000000, 0x0000000725100000|  0%| F|  |TAMS 0x0000000725000000, 0x0000000725000000| Untracked 
|  69|0x0000000725100000, 0x0000000725100000, 0x0000000725200000|  0%| F|  |TAMS 0x0000000725100000, 0x0000000725100000| Untracked 
|  70|0x0000000725200000, 0x0000000725200000, 0x0000000725300000|  0%| F|  |TAMS 0x0000000725200000, 0x0000000725200000| Untracked 
|  71|0x0000000725300000, 0x0000000725300000, 0x0000000725400000|  0%| F|  |TAMS 0x0000000725300000, 0x0000000725300000| Untracked 
|  72|0x0000000725400000, 0x0000000725400000, 0x0000000725500000|  0%| F|  |TAMS 0x0000000725400000, 0x0000000725400000| Untracked 
|  73|0x0000000725500000, 0x0000000725500000, 0x0000000725600000|  0%| F|  |TAMS 0x0000000725500000, 0x0000000725500000| Untracked 
|  74|0x0000000725600000, 0x0000000725600000, 0x0000000725700000|  0%| F|  |TAMS 0x0000000725600000, 0x0000000725600000| Untracked 
|  75|0x0000000725700000, 0x0000000725700000, 0x0000000725800000|  0%| F|  |TAMS 0x0000000725700000, 0x0000000725700000| Untracked 
|  76|0x0000000725800000, 0x0000000725800000, 0x0000000725900000|  0%| F|  |TAMS 0x0000000725800000, 0x0000000725800000| Untracked 
|  77|0x0000000725900000, 0x0000000725900000, 0x0000000725a00000|  0%| F|  |TAMS 0x0000000725900000, 0x0000000725900000| Untracked 
|  78|0x0000000725a00000, 0x0000000725a00000, 0x0000000725b00000|  0%| F|  |TAMS 0x0000000725a00000, 0x0000000725a00000| Untracked 
|  79|0x0000000725b00000, 0x0000000725b00000, 0x0000000725c00000|  0%| F|  |TAMS 0x0000000725b00000, 0x0000000725b00000| Untracked 
|  80|0x0000000725c00000, 0x0000000725c00000, 0x0000000725d00000|  0%| F|  |TAMS 0x0000000725c00000, 0x0000000725c00000| Untracked 
|  81|0x0000000725d00000, 0x0000000725d00000, 0x0000000725e00000|  0%| F|  |TAMS 0x0000000725d00000, 0x0000000725d00000| Untracked 
|  82|0x0000000725e00000, 0x0000000725e00000, 0x0000000725f00000|  0%| F|  |TAMS 0x0000000725e00000, 0x0000000725e00000| Untracked 
|  83|0x0000000725f00000, 0x0000000725f00000, 0x0000000726000000|  0%| F|  |TAMS 0x0000000725f00000, 0x0000000725f00000| Untracked 
|  84|0x0000000726000000, 0x0000000726000000, 0x0000000726100000|  0%| F|  |TAMS 0x0000000726000000, 0x0000000726000000| Untracked 
|  85|0x0000000726100000, 0x0000000726100000, 0x0000000726200000|  0%| F|  |TAMS 0x0000000726100000, 0x0000000726100000| Untracked 
|  86|0x0000000726200000, 0x0000000726200000, 0x0000000726300000|  0%| F|  |TAMS 0x0000000726200000, 0x0000000726200000| Untracked 
|  87|0x0000000726300000, 0x0000000726300000, 0x0000000726400000|  0%| F|  |TAMS 0x0000000726300000, 0x0000000726300000| Untracked 
|  88|0x0000000726400000, 0x0000000726400000, 0x0000000726500000|  0%| F|  |TAMS 0x0000000726400000, 0x0000000726400000| Untracked 
|  89|0x0000000726500000, 0x0000000726500000, 0x0000000726600000|  0%| F|  |TAMS 0x0000000726500000, 0x0000000726500000| Untracked 
|  90|0x0000000726600000, 0x0000000726600000, 0x0000000726700000|  0%| F|  |TAMS 0x0000000726600000, 0x0000000726600000| Untracked 
|  91|0x0000000726700000, 0x0000000726700000, 0x0000000726800000|  0%| F|  |TAMS 0x0000000726700000, 0x0000000726700000| Untracked 
|  92|0x0000000726800000, 0x0000000726800000, 0x0000000726900000|  0%| F|  |TAMS 0x0000000726800000, 0x0000000726800000| Untracked 
|  93|0x0000000726900000, 0x0000000726900000, 0x0000000726a00000|  0%| F|  |TAMS 0x0000000726900000, 0x0000000726900000| Untracked 
|  94|0x0000000726a00000, 0x0000000726a00000, 0x0000000726b00000|  0%| F|  |TAMS 0x0000000726a00000, 0x0000000726a00000| Untracked 
|  95|0x0000000726b00000, 0x0000000726b00000, 0x0000000726c00000|  0%| F|  |TAMS 0x0000000726b00000, 0x0000000726b00000| Untracked 
|  96|0x0000000726c00000, 0x0000000726c00000, 0x0000000726d00000|  0%| F|  |TAMS 0x0000000726c00000, 0x0000000726c00000| Untracked 
|  97|0x0000000726d00000, 0x0000000726d00000, 0x0000000726e00000|  0%| F|  |TAMS 0x0000000726d00000, 0x0000000726d00000| Untracked 
|  98|0x0000000726e00000, 0x0000000726e00000, 0x0000000726f00000|  0%| F|  |TAMS 0x0000000726e00000, 0x0000000726e00000| Untracked 
|  99|0x0000000726f00000, 0x0000000726f00000, 0x0000000727000000|  0%| F|  |TAMS 0x0000000726f00000, 0x0000000726f00000| Untracked 
| 100|0x0000000727000000, 0x0000000727000000, 0x0000000727100000|  0%| F|  |TAMS 0x0000000727000000, 0x0000000727000000| Untracked 
| 101|0x0000000727100000, 0x0000000727100000, 0x0000000727200000|  0%| F|  |TAMS 0x0000000727100000, 0x0000000727100000| Untracked 
| 102|0x0000000727200000, 0x0000000727200000, 0x0000000727300000|  0%| F|  |TAMS 0x0000000727200000, 0x0000000727200000| Untracked 
| 103|0x0000000727300000, 0x0000000727300000, 0x0000000727400000|  0%| F|  |TAMS 0x0000000727300000, 0x0000000727300000| Untracked 
| 104|0x0000000727400000, 0x0000000727400000, 0x0000000727500000|  0%| F|  |TAMS 0x0000000727400000, 0x0000000727400000| Untracked 
| 105|0x0000000727500000, 0x0000000727500000, 0x0000000727600000|  0%| F|  |TAMS 0x0000000727500000, 0x0000000727500000| Untracked 
| 106|0x0000000727600000, 0x0000000727600000, 0x0000000727700000|  0%| F|  |TAMS 0x0000000727600000, 0x0000000727600000| Untracked 
| 107|0x0000000727700000, 0x0000000727700000, 0x0000000727800000|  0%| F|  |TAMS 0x0000000727700000, 0x0000000727700000| Untracked 
| 108|0x0000000727800000, 0x0000000727800000, 0x0000000727900000|  0%| F|  |TAMS 0x0000000727800000, 0x0000000727800000| Untracked 
| 109|0x0000000727900000, 0x0000000727900000, 0x0000000727a00000|  0%| F|  |TAMS 0x0000000727900000, 0x0000000727900000| Untracked 
| 110|0x0000000727a00000, 0x0000000727a00000, 0x0000000727b00000|  0%| F|  |TAMS 0x0000000727a00000, 0x0000000727a00000| Untracked 
| 111|0x0000000727b00000, 0x0000000727b00000, 0x0000000727c00000|  0%| F|  |TAMS 0x0000000727b00000, 0x0000000727b00000| Untracked 
| 112|0x0000000727c00000, 0x0000000727c00000, 0x0000000727d00000|  0%| F|  |TAMS 0x0000000727c00000, 0x0000000727c00000| Untracked 
| 113|0x0000000727d00000, 0x0000000727d00000, 0x0000000727e00000|  0%| F|  |TAMS 0x0000000727d00000, 0x0000000727d00000| Untracked 
| 114|0x0000000727e00000, 0x0000000727e00000, 0x0000000727f00000|  0%| F|  |TAMS 0x0000000727e00000, 0x0000000727e00000| Untracked 
| 115|0x0000000727f00000, 0x0000000727f00000, 0x0000000728000000|  0%| F|  |TAMS 0x0000000727f00000, 0x0000000727f00000| Untracked 
| 116|0x0000000728000000, 0x0000000728000000, 0x0000000728100000|  0%| F|  |TAMS 0x0000000728000000, 0x0000000728000000| Untracked 
| 117|0x0000000728100000, 0x0000000728100000, 0x0000000728200000|  0%| F|  |TAMS 0x0000000728100000, 0x0000000728100000| Untracked 
| 118|0x0000000728200000, 0x0000000728200000, 0x0000000728300000|  0%| F|  |TAMS 0x0000000728200000, 0x0000000728200000| Untracked 
| 119|0x0000000728300000, 0x0000000728300000, 0x0000000728400000|  0%| F|  |TAMS 0x0000000728300000, 0x0000000728300000| Untracked 
| 120|0x0000000728400000, 0x0000000728400000, 0x0000000728500000|  0%| F|  |TAMS 0x0000000728400000, 0x0000000728400000| Untracked 
| 121|0x0000000728500000, 0x0000000728500000, 0x0000000728600000|  0%| F|  |TAMS 0x0000000728500000, 0x0000000728500000| Untracked 
| 122|0x0000000728600000, 0x0000000728600000, 0x0000000728700000|  0%| F|  |TAMS 0x0000000728600000, 0x0000000728600000| Untracked 
| 123|0x0000000728700000, 0x0000000728700000, 0x0000000728800000|  0%| F|  |TAMS 0x0000000728700000, 0x0000000728700000| Untracked 
| 124|0x0000000728800000, 0x0000000728800000, 0x0000000728900000|  0%| F|  |TAMS 0x0000000728800000, 0x0000000728800000| Untracked 
| 125|0x0000000728900000, 0x0000000728900000, 0x0000000728a00000|  0%| F|  |TAMS 0x0000000728900000, 0x0000000728900000| Untracked 
| 126|0x0000000728a00000, 0x0000000728a00000, 0x0000000728b00000|  0%| F|  |TAMS 0x0000000728a00000, 0x0000000728a00000| Untracked 
| 127|0x0000000728b00000, 0x0000000728b00000, 0x0000000728c00000|  0%| F|  |TAMS 0x0000000728b00000, 0x0000000728b00000| Untracked 
| 128|0x0000000728c00000, 0x0000000728c00000, 0x0000000728d00000|  0%| F|  |TAMS 0x0000000728c00000, 0x0000000728c00000| Untracked 
| 129|0x0000000728d00000, 0x0000000728d00000, 0x0000000728e00000|  0%| F|  |TAMS 0x0000000728d00000, 0x0000000728d00000| Untracked 
| 130|0x0000000728e00000, 0x0000000728e00000, 0x0000000728f00000|  0%| F|  |TAMS 0x0000000728e00000, 0x0000000728e00000| Untracked 
| 131|0x0000000728f00000, 0x0000000728f00000, 0x0000000729000000|  0%| F|  |TAMS 0x0000000728f00000, 0x0000000728f00000| Untracked 
| 132|0x0000000729000000, 0x0000000729000000, 0x0000000729100000|  0%| F|  |TAMS 0x0000000729000000, 0x0000000729000000| Untracked 
| 133|0x0000000729100000, 0x0000000729100000, 0x0000000729200000|  0%| F|  |TAMS 0x0000000729100000, 0x0000000729100000| Untracked 
| 134|0x0000000729200000, 0x0000000729200000, 0x0000000729300000|  0%| F|  |TAMS 0x0000000729200000, 0x0000000729200000| Untracked 
| 135|0x0000000729300000, 0x0000000729300000, 0x0000000729400000|  0%| F|  |TAMS 0x0000000729300000, 0x0000000729300000| Untracked 
| 136|0x0000000729400000, 0x0000000729400000, 0x0000000729500000|  0%| F|  |TAMS 0x0000000729400000, 0x0000000729400000| Untracked 
| 137|0x0000000729500000, 0x0000000729500000, 0x0000000729600000|  0%| F|  |TAMS 0x0000000729500000, 0x0000000729500000| Untracked 
| 138|0x0000000729600000, 0x0000000729600000, 0x0000000729700000|  0%| F|  |TAMS 0x0000000729600000, 0x0000000729600000| Untracked 
| 139|0x0000000729700000, 0x0000000729700000, 0x0000000729800000|  0%| F|  |TAMS 0x0000000729700000, 0x0000000729700000| Untracked 
| 140|0x0000000729800000, 0x000000072980da88, 0x0000000729900000|  5%| S|CS|TAMS 0x0000000729800000, 0x0000000729800000| Complete 
| 141|0x0000000729900000, 0x0000000729a00000, 0x0000000729a00000|100%| S|CS|TAMS 0x0000000729900000, 0x0000000729900000| Complete 
| 142|0x0000000729a00000, 0x0000000729b00000, 0x0000000729b00000|100%| S|CS|TAMS 0x0000000729a00000, 0x0000000729a00000| Complete 
| 143|0x0000000729b00000, 0x0000000729c00000, 0x0000000729c00000|100%| S|CS|TAMS 0x0000000729b00000, 0x0000000729b00000| Complete 
| 144|0x0000000729c00000, 0x0000000729d00000, 0x0000000729d00000|100%| S|CS|TAMS 0x0000000729c00000, 0x0000000729c00000| Complete 
| 145|0x0000000729d00000, 0x0000000729e00000, 0x0000000729e00000|100%| S|CS|TAMS 0x0000000729d00000, 0x0000000729d00000| Complete 
| 146|0x0000000729e00000, 0x0000000729f00000, 0x0000000729f00000|100%| S|CS|TAMS 0x0000000729e00000, 0x0000000729e00000| Complete 
| 147|0x0000000729f00000, 0x000000072a000000, 0x000000072a000000|100%| S|CS|TAMS 0x0000000729f00000, 0x0000000729f00000| Complete 
| 148|0x000000072a000000, 0x000000072a100000, 0x000000072a100000|100%| S|CS|TAMS 0x000000072a000000, 0x000000072a000000| Complete 
| 149|0x000000072a100000, 0x000000072a200000, 0x000000072a200000|100%| S|CS|TAMS 0x000000072a100000, 0x000000072a100000| Complete 
| 150|0x000000072a200000, 0x000000072a200000, 0x000000072a300000|  0%| F|  |TAMS 0x000000072a200000, 0x000000072a200000| Untracked 
| 151|0x000000072a300000, 0x000000072a300000, 0x000000072a400000|  0%| F|  |TAMS 0x000000072a300000, 0x000000072a300000| Untracked 
| 152|0x000000072a400000, 0x000000072a400000, 0x000000072a500000|  0%| F|  |TAMS 0x000000072a400000, 0x000000072a400000| Untracked 
| 153|0x000000072a500000, 0x000000072a500000, 0x000000072a600000|  0%| F|  |TAMS 0x000000072a500000, 0x000000072a500000| Untracked 
| 154|0x000000072a600000, 0x000000072a600000, 0x000000072a700000|  0%| F|  |TAMS 0x000000072a600000, 0x000000072a600000| Untracked 
| 155|0x000000072a700000, 0x000000072a700000, 0x000000072a800000|  0%| F|  |TAMS 0x000000072a700000, 0x000000072a700000| Untracked 
| 156|0x000000072a800000, 0x000000072a800000, 0x000000072a900000|  0%| F|  |TAMS 0x000000072a800000, 0x000000072a800000| Untracked 
| 157|0x000000072a900000, 0x000000072a900000, 0x000000072aa00000|  0%| F|  |TAMS 0x000000072a900000, 0x000000072a900000| Untracked 
| 158|0x000000072aa00000, 0x000000072aa00000, 0x000000072ab00000|  0%| F|  |TAMS 0x000000072aa00000, 0x000000072aa00000| Untracked 
| 159|0x000000072ab00000, 0x000000072ab00000, 0x000000072ac00000|  0%| F|  |TAMS 0x000000072ab00000, 0x000000072ab00000| Untracked 
| 160|0x000000072ac00000, 0x000000072ac00000, 0x000000072ad00000|  0%| F|  |TAMS 0x000000072ac00000, 0x000000072ac00000| Untracked 
| 161|0x000000072ad00000, 0x000000072ad00000, 0x000000072ae00000|  0%| F|  |TAMS 0x000000072ad00000, 0x000000072ad00000| Untracked 
| 162|0x000000072ae00000, 0x000000072ae00000, 0x000000072af00000|  0%| F|  |TAMS 0x000000072ae00000, 0x000000072ae00000| Untracked 
| 163|0x000000072af00000, 0x000000072af00000, 0x000000072b000000|  0%| F|  |TAMS 0x000000072af00000, 0x000000072af00000| Untracked 
| 164|0x000000072b000000, 0x000000072b000000, 0x000000072b100000|  0%| F|  |TAMS 0x000000072b000000, 0x000000072b000000| Untracked 
| 165|0x000000072b100000, 0x000000072b100000, 0x000000072b200000|  0%| F|  |TAMS 0x000000072b100000, 0x000000072b100000| Untracked 
| 166|0x000000072b200000, 0x000000072b200000, 0x000000072b300000|  0%| F|  |TAMS 0x000000072b200000, 0x000000072b200000| Untracked 
| 167|0x000000072b300000, 0x000000072b300000, 0x000000072b400000|  0%| F|  |TAMS 0x000000072b300000, 0x000000072b300000| Untracked 
| 168|0x000000072b400000, 0x000000072b400000, 0x000000072b500000|  0%| F|  |TAMS 0x000000072b400000, 0x000000072b400000| Untracked 
| 169|0x000000072b500000, 0x000000072b500000, 0x000000072b600000|  0%| F|  |TAMS 0x000000072b500000, 0x000000072b500000| Untracked 
| 170|0x000000072b600000, 0x000000072b600000, 0x000000072b700000|  0%| F|  |TAMS 0x000000072b600000, 0x000000072b600000| Untracked 
| 171|0x000000072b700000, 0x000000072b700000, 0x000000072b800000|  0%| F|  |TAMS 0x000000072b700000, 0x000000072b700000| Untracked 
| 172|0x000000072b800000, 0x000000072b800000, 0x000000072b900000|  0%| F|  |TAMS 0x000000072b800000, 0x000000072b800000| Untracked 
| 173|0x000000072b900000, 0x000000072b900000, 0x000000072ba00000|  0%| F|  |TAMS 0x000000072b900000, 0x000000072b900000| Untracked 
| 174|0x000000072ba00000, 0x000000072ba00000, 0x000000072bb00000|  0%| F|  |TAMS 0x000000072ba00000, 0x000000072ba00000| Untracked 
| 175|0x000000072bb00000, 0x000000072bb00000, 0x000000072bc00000|  0%| F|  |TAMS 0x000000072bb00000, 0x000000072bb00000| Untracked 
| 176|0x000000072bc00000, 0x000000072bc00000, 0x000000072bd00000|  0%| F|  |TAMS 0x000000072bc00000, 0x000000072bc00000| Untracked 
| 177|0x000000072bd00000, 0x000000072bd00000, 0x000000072be00000|  0%| F|  |TAMS 0x000000072bd00000, 0x000000072bd00000| Untracked 
| 178|0x000000072be00000, 0x000000072be00000, 0x000000072bf00000|  0%| F|  |TAMS 0x000000072be00000, 0x000000072be00000| Untracked 
| 179|0x000000072bf00000, 0x000000072bf00000, 0x000000072c000000|  0%| F|  |TAMS 0x000000072bf00000, 0x000000072bf00000| Untracked 
| 180|0x000000072c000000, 0x000000072c000000, 0x000000072c100000|  0%| F|  |TAMS 0x000000072c000000, 0x000000072c000000| Untracked 
| 181|0x000000072c100000, 0x000000072c100000, 0x000000072c200000|  0%| F|  |TAMS 0x000000072c100000, 0x000000072c100000| Untracked 
| 182|0x000000072c200000, 0x000000072c200000, 0x000000072c300000|  0%| F|  |TAMS 0x000000072c200000, 0x000000072c200000| Untracked 
| 183|0x000000072c300000, 0x000000072c300000, 0x000000072c400000|  0%| F|  |TAMS 0x000000072c300000, 0x000000072c300000| Untracked 
| 184|0x000000072c400000, 0x000000072c400000, 0x000000072c500000|  0%| F|  |TAMS 0x000000072c400000, 0x000000072c400000| Untracked 
| 185|0x000000072c500000, 0x000000072c500000, 0x000000072c600000|  0%| F|  |TAMS 0x000000072c500000, 0x000000072c500000| Untracked 
| 186|0x000000072c600000, 0x000000072c600000, 0x000000072c700000|  0%| F|  |TAMS 0x000000072c600000, 0x000000072c600000| Untracked 
| 187|0x000000072c700000, 0x000000072c700000, 0x000000072c800000|  0%| F|  |TAMS 0x000000072c700000, 0x000000072c700000| Untracked 
| 188|0x000000072c800000, 0x000000072c800000, 0x000000072c900000|  0%| F|  |TAMS 0x000000072c800000, 0x000000072c800000| Untracked 
| 189|0x000000072c900000, 0x000000072c900000, 0x000000072ca00000|  0%| F|  |TAMS 0x000000072c900000, 0x000000072c900000| Untracked 
| 190|0x000000072ca00000, 0x000000072ca00000, 0x000000072cb00000|  0%| F|  |TAMS 0x000000072ca00000, 0x000000072ca00000| Untracked 
| 191|0x000000072cb00000, 0x000000072cb00000, 0x000000072cc00000|  0%| F|  |TAMS 0x000000072cb00000, 0x000000072cb00000| Untracked 
| 192|0x000000072cc00000, 0x000000072cc80800, 0x000000072cd00000| 50%| E|  |TAMS 0x000000072cc00000, 0x000000072cc00000| Complete 
| 193|0x000000072cd00000, 0x000000072ce00000, 0x000000072ce00000|100%| E|CS|TAMS 0x000000072cd00000, 0x000000072cd00000| Complete 
| 194|0x000000072ce00000, 0x000000072cf00000, 0x000000072cf00000|100%| E|CS|TAMS 0x000000072ce00000, 0x000000072ce00000| Complete 
| 195|0x000000072cf00000, 0x000000072d000000, 0x000000072d000000|100%| E|CS|TAMS 0x000000072cf00000, 0x000000072cf00000| Complete 
| 196|0x000000072d000000, 0x000000072d100000, 0x000000072d100000|100%| E|CS|TAMS 0x000000072d000000, 0x000000072d000000| Complete 
| 197|0x000000072d100000, 0x000000072d200000, 0x000000072d200000|100%| E|CS|TAMS 0x000000072d100000, 0x000000072d100000| Complete 
| 198|0x000000072d200000, 0x000000072d300000, 0x000000072d300000|100%| E|CS|TAMS 0x000000072d200000, 0x000000072d200000| Complete 
| 199|0x000000072d300000, 0x000000072d400000, 0x000000072d400000|100%| E|CS|TAMS 0x000000072d300000, 0x000000072d300000| Complete 
| 200|0x000000072d400000, 0x000000072d500000, 0x000000072d500000|100%| E|CS|TAMS 0x000000072d400000, 0x000000072d400000| Complete 
| 201|0x000000072d500000, 0x000000072d600000, 0x000000072d600000|100%| E|CS|TAMS 0x000000072d500000, 0x000000072d500000| Complete 
| 202|0x000000072d600000, 0x000000072d700000, 0x000000072d700000|100%| E|CS|TAMS 0x000000072d600000, 0x000000072d600000| Complete 
| 203|0x000000072d700000, 0x000000072d800000, 0x000000072d800000|100%| E|CS|TAMS 0x000000072d700000, 0x000000072d700000| Complete 
| 204|0x000000072d800000, 0x000000072d900000, 0x000000072d900000|100%| E|CS|TAMS 0x000000072d800000, 0x000000072d800000| Complete 
| 205|0x000000072d900000, 0x000000072da00000, 0x000000072da00000|100%| E|CS|TAMS 0x000000072d900000, 0x000000072d900000| Complete 
| 206|0x000000072da00000, 0x000000072db00000, 0x000000072db00000|100%| E|CS|TAMS 0x000000072da00000, 0x000000072da00000| Complete 
| 207|0x000000072db00000, 0x000000072dc00000, 0x000000072dc00000|100%| E|CS|TAMS 0x000000072db00000, 0x000000072db00000| Complete 
| 208|0x000000072dc00000, 0x000000072dd00000, 0x000000072dd00000|100%| E|CS|TAMS 0x000000072dc00000, 0x000000072dc00000| Complete 
| 209|0x000000072dd00000, 0x000000072de00000, 0x000000072de00000|100%| E|CS|TAMS 0x000000072dd00000, 0x000000072dd00000| Complete 
| 210|0x000000072de00000, 0x000000072df00000, 0x000000072df00000|100%| E|CS|TAMS 0x000000072de00000, 0x000000072de00000| Complete 
| 211|0x000000072df00000, 0x000000072e000000, 0x000000072e000000|100%| E|CS|TAMS 0x000000072df00000, 0x000000072df00000| Complete 
| 212|0x000000072e000000, 0x000000072e100000, 0x000000072e100000|100%| E|CS|TAMS 0x000000072e000000, 0x000000072e000000| Complete 
| 213|0x000000072e100000, 0x000000072e200000, 0x000000072e200000|100%| E|CS|TAMS 0x000000072e100000, 0x000000072e100000| Complete 
| 214|0x000000072e200000, 0x000000072e300000, 0x000000072e300000|100%| E|CS|TAMS 0x000000072e200000, 0x000000072e200000| Complete 
| 215|0x000000072e300000, 0x000000072e400000, 0x000000072e400000|100%| E|CS|TAMS 0x000000072e300000, 0x000000072e300000| Complete 
| 216|0x000000072e400000, 0x000000072e500000, 0x000000072e500000|100%| E|CS|TAMS 0x000000072e400000, 0x000000072e400000| Complete 
| 217|0x000000072e500000, 0x000000072e600000, 0x000000072e600000|100%| E|CS|TAMS 0x000000072e500000, 0x000000072e500000| Complete 
| 218|0x000000072e600000, 0x000000072e700000, 0x000000072e700000|100%| E|CS|TAMS 0x000000072e600000, 0x000000072e600000| Complete 
| 219|0x000000072e700000, 0x000000072e800000, 0x000000072e800000|100%| E|CS|TAMS 0x000000072e700000, 0x000000072e700000| Complete 
| 220|0x000000072e800000, 0x000000072e900000, 0x000000072e900000|100%| E|CS|TAMS 0x000000072e800000, 0x000000072e800000| Complete 
| 221|0x000000072e900000, 0x000000072ea00000, 0x000000072ea00000|100%| E|CS|TAMS 0x000000072e900000, 0x000000072e900000| Complete 
| 222|0x000000072ea00000, 0x000000072eb00000, 0x000000072eb00000|100%| E|CS|TAMS 0x000000072ea00000, 0x000000072ea00000| Complete 
| 223|0x000000072eb00000, 0x000000072ec00000, 0x000000072ec00000|100%| E|CS|TAMS 0x000000072eb00000, 0x000000072eb00000| Complete 

Card table byte_map: [0x000001d4d7050000,0x000001d4d7750000] _byte_map_base: 0x000001d4d374a000

Marking Bits (Prev, Next): (CMBitMap*) 0x000001d4bd003038, (CMBitMap*) 0x000001d4bd003070
 Prev Bits: [0x000001d4d7e50000, 0x000001d4db620000)
 Next Bits: [0x000001d4db620000, 0x000001d4dedf0000)

Polling page: 0x000001d4bd070000

Metaspace:

Usage:
  Non-class:     44.71 MB capacity,    44.34 MB (>99%) used,   294.05 KB ( <1%) free+waste,    84.31 KB ( <1%) overhead. 
      Class:      6.04 MB capacity,     5.77 MB ( 96%) used,   238.65 KB (  4%) free+waste,    38.63 KB ( <1%) overhead. 
       Both:     50.76 MB capacity,    50.12 MB ( 99%) used,   532.70 KB (  1%) free+waste,   122.94 KB ( <1%) overhead. 

Virtual space:
  Non-class space:       46.00 MB reserved,      44.75 MB ( 97%) committed 
      Class space:        1.00 GB reserved,       6.13 MB ( <1%) committed 
             Both:        1.04 GB reserved,      50.88 MB (  5%) committed 

Chunk freelists:
   Non-Class:  37.00 KB
       Class:  18.00 KB
        Both:  55.00 KB

MaxMetaspaceSize: 17179869184.00 GB
CompressedClassSpaceSize: 1.00 GB
Initial GC threshold: 20.80 MB
Current GC threshold: 58.75 MB
CDS: off

CodeHeap 'non-profiled nmethods': size=120000Kb used=2657Kb max_used=2657Kb free=117342Kb
 bounds [0x000001d4ce9b0000, 0x000001d4cec50000, 0x000001d4d5ee0000]
CodeHeap 'profiled nmethods': size=120000Kb used=10541Kb max_used=10541Kb free=109458Kb
 bounds [0x000001d4c7480000, 0x000001d4c7ed0000, 0x000001d4ce9b0000]
CodeHeap 'non-nmethods': size=5760Kb used=1268Kb max_used=1316Kb free=4491Kb
 bounds [0x000001d4c6ee0000, 0x000001d4c7150000, 0x000001d4c7480000]
 total_blobs=5230 nmethods=4680 adapters=460
 compilation: enabled
              stopped_count=0, restarted_count=0
 full_count=0

Compilation events (20 events):
Event: 31.246 Thread 0x000001d4e2222000 nmethod 4712 0x000001d4c7eb6890 code [0x000001d4c7eb6a40, 0x000001d4c7eb6bf8]
Event: 31.246 Thread 0x000001d4e2222000 4714       3       org.jetbrains.org.objectweb.asm.ClassReader::getFirstAttributeOffset (136 bytes)
Event: 31.247 Thread 0x000001d4e2222000 nmethod 4714 0x000001d4c7eb6c90 code [0x000001d4c7eb6ee0, 0x000001d4c7eb77d8]
Event: 31.247 Thread 0x000001d4e2222000 4715       3       org.jetbrains.org.objectweb.asm.ClassReader::accept (1380 bytes)
Event: 31.252 Thread 0x000001d4e3f09800 nmethod 4695 0x000001d4cec3f810 code [0x000001d4cec3fb20, 0x000001d4cec422c8]
Event: 31.252 Thread 0x000001d4e3f09800 4697       4       org.jetbrains.kotlin.metadata.ProtoBuf$TypeParameter::getSerializedSize (244 bytes)
Event: 31.269 Thread 0x000001d4e3f09800 nmethod 4697 0x000001d4cec43790 code [0x000001d4cec439c0, 0x000001d4cec44078]
Event: 31.269 Thread 0x000001d4e3f09800 4719   !   4       org.jetbrains.kotlin.metadata.ProtoBuf$ValueParameter::<init> (513 bytes)
Event: 31.276 Thread 0x000001d4e2222000 nmethod 4715 0x000001d4c7eb7c10 code [0x000001d4c7eb88a0, 0x000001d4c7ec1bc8]
Event: 31.276 Thread 0x000001d4e2222000 4716       3       org.jetbrains.kotlin.metadata.ProtoBuf$Package::getDefaultInstanceForType (5 bytes)
Event: 31.276 Thread 0x000001d4e2222000 nmethod 4716 0x000001d4c7ec6510 code [0x000001d4c7ec66c0, 0x000001d4c7ec6818]
Event: 31.276 Thread 0x000001d4e2222000 4717       3       org.jetbrains.kotlin.metadata.ProtoBuf$Package::getDefaultInstanceForType (4 bytes)
Event: 31.276 Thread 0x000001d4e2222000 nmethod 4717 0x000001d4c7ec6910 code [0x000001d4c7ec6ac0, 0x000001d4c7ec6bd8]
Event: 31.276 Thread 0x000001d4e2222000 4720       3       java.util.LinkedHashMap$LinkedEntrySet::iterator (12 bytes)
Event: 31.276 Thread 0x000001d4e2222000 nmethod 4720 0x000001d4c7ec6c90 code [0x000001d4c7ec6e60, 0x000001d4c7ec7238]
Event: 31.276 Thread 0x000001d4e2222000 4721       3       java.util.LinkedHashMap$LinkedEntryIterator::<init> (11 bytes)
Event: 31.277 Thread 0x000001d4e2222000 nmethod 4721 0x000001d4c7ec7390 code [0x000001d4c7ec7560, 0x000001d4c7ec7898]
Event: 31.277 Thread 0x000001d4e2222000 4722       1       org.jetbrains.kotlin.load.java.lazy.JavaResolverComponents::getKotlinClassFinder (5 bytes)
Event: 31.277 Thread 0x000001d4e2222000 nmethod 4722 0x000001d4cec44790 code [0x000001d4cec44940, 0x000001d4cec449f8]
Event: 31.381 Thread 0x000001d4e2279800 nmethod 4698 0x000001d4cec44a90 code [0x000001d4cec44e60, 0x000001d4cec46a20]

GC Heap History (12 events):
Event: 2.612 GC heap before
{Heap before GC invocations=0 (full 0):
 garbage-first heap   total 229376K, used 27648K [0x0000000720c00000, 0x0000000800000000)
  region size 1024K, 24 young (24576K), 0 survivors (0K)
 Metaspace       used 12329K, capacity 12405K, committed 12544K, reserved 1060864K
  class space    used 1144K, capacity 1174K, committed 1280K, reserved 1048576K
}
Event: 2.631 GC heap after
{Heap after GC invocations=1 (full 0):
 garbage-first heap   total 229376K, used 5875K [0x0000000720c00000, 0x0000000800000000)
  region size 1024K, 3 young (3072K), 3 survivors (3072K)
 Metaspace       used 12329K, capacity 12405K, committed 12544K, reserved 1060864K
  class space    used 1144K, capacity 1174K, committed 1280K, reserved 1048576K
}
Event: 6.790 GC heap before
{Heap before GC invocations=1 (full 0):
 garbage-first heap   total 229376K, used 41715K [0x0000000720c00000, 0x0000000800000000)
  region size 1024K, 39 young (39936K), 3 survivors (3072K)
 Metaspace       used 21005K, capacity 21183K, committed 21248K, reserved 1069056K
  class space    used 2193K, capacity 2280K, committed 2304K, reserved 1048576K
}
Event: 6.805 GC heap after
{Heap after GC invocations=2 (full 0):
 garbage-first heap   total 229376K, used 9282K [0x0000000720c00000, 0x0000000800000000)
  region size 1024K, 7 young (7168K), 7 survivors (7168K)
 Metaspace       used 21005K, capacity 21183K, committed 21248K, reserved 1069056K
  class space    used 2193K, capacity 2280K, committed 2304K, reserved 1048576K
}
Event: 13.184 GC heap before
{Heap before GC invocations=3 (full 0):
 garbage-first heap   total 229376K, used 64578K [0x0000000720c00000, 0x0000000800000000)
  region size 1024K, 56 young (57344K), 7 survivors (7168K)
 Metaspace       used 33263K, capacity 33645K, committed 33792K, reserved 1079296K
  class space    used 4098K, capacity 4276K, committed 4352K, reserved 1048576K
}
Event: 13.201 GC heap after
{Heap after GC invocations=4 (full 0):
 garbage-first heap   total 229376K, used 20439K [0x0000000720c00000, 0x0000000800000000)
  region size 1024K, 7 young (7168K), 7 survivors (7168K)
 Metaspace       used 33263K, capacity 33645K, committed 33792K, reserved 1079296K
  class space    used 4098K, capacity 4276K, committed 4352K, reserved 1048576K
}
Event: 13.564 GC heap before
{Heap before GC invocations=4 (full 0):
 garbage-first heap   total 229376K, used 24535K [0x0000000720c00000, 0x0000000800000000)
  region size 1024K, 11 young (11264K), 7 survivors (7168K)
 Metaspace       used 34013K, capacity 34445K, committed 34688K, reserved 1079296K
  class space    used 4170K, capacity 4372K, committed 4480K, reserved 1048576K
}
Event: 13.581 GC heap after
{Heap after GC invocations=5 (full 0):
 garbage-first heap   total 229376K, used 22588K [0x0000000720c00000, 0x0000000800000000)
  region size 1024K, 2 young (2048K), 2 survivors (2048K)
 Metaspace       used 34013K, capacity 34445K, committed 34688K, reserved 1079296K
  class space    used 4170K, capacity 4372K, committed 4480K, reserved 1048576K
}
Event: 14.271 GC heap before
{Heap before GC invocations=5 (full 0):
 garbage-first heap   total 229376K, used 28732K [0x0000000720c00000, 0x0000000800000000)
  region size 1024K, 9 young (9216K), 2 survivors (2048K)
 Metaspace       used 35289K, capacity 35736K, committed 35840K, reserved 1081344K
  class space    used 4313K, capacity 4504K, committed 4608K, reserved 1048576K
}
Event: 14.274 GC heap after
{Heap after GC invocations=6 (full 0):
 garbage-first heap   total 229376K, used 20367K [0x0000000720c00000, 0x0000000800000000)
  region size 1024K, 2 young (2048K), 2 survivors (2048K)
 Metaspace       used 35289K, capacity 35736K, committed 35840K, reserved 1081344K
  class space    used 4313K, capacity 4504K, committed 4608K, reserved 1048576K
}
Event: 27.914 GC heap before
{Heap before GC invocations=7 (full 0):
 garbage-first heap   total 229376K, used 97167K [0x0000000720c00000, 0x0000000800000000)
  region size 1024K, 74 young (75776K), 2 survivors (2048K)
 Metaspace       used 50556K, capacity 51169K, committed 51328K, reserved 1093632K
  class space    used 5877K, capacity 6157K, committed 6272K, reserved 1048576K
}
Event: 27.930 GC heap after
{Heap after GC invocations=8 (full 0):
 garbage-first heap   total 229376K, used 30088K [0x0000000720c00000, 0x0000000800000000)
  region size 1024K, 10 young (10240K), 10 survivors (10240K)
 Metaspace       used 50556K, capacity 51169K, committed 51328K, reserved 1093632K
  class space    used 5877K, capacity 6157K, committed 6272K, reserved 1048576K
}

Deoptimization events (20 events):
Event: 27.679 Thread 0x000001d4bcfa7800 Uncommon trap: trap_request=0xffffffde fr.pc=0x000001d4cea8fff4 relative=0x0000000000000134
Event: 27.679 Thread 0x000001d4bcfa7800 Uncommon trap: reason=class_check action=maybe_recompile pc=0x000001d4cea8fff4 method=java.util.ArrayList.hashCodeRange(II)I @ 53 c2
Event: 27.679 Thread 0x000001d4bcfa7800 DEOPT PACKING pc=0x000001d4cea8fff4 sp=0x00000020167fc100
Event: 27.679 Thread 0x000001d4bcfa7800 DEOPT UNPACKING pc=0x000001d4c6f2a1af sp=0x00000020167fc070 mode 2
Event: 27.680 Thread 0x000001d4bcfa7800 Uncommon trap: trap_request=0xffffffde fr.pc=0x000001d4cea8fff4 relative=0x0000000000000134
Event: 27.680 Thread 0x000001d4bcfa7800 Uncommon trap: reason=class_check action=maybe_recompile pc=0x000001d4cea8fff4 method=java.util.ArrayList.hashCodeRange(II)I @ 53 c2
Event: 27.680 Thread 0x000001d4bcfa7800 DEOPT PACKING pc=0x000001d4cea8fff4 sp=0x00000020167fc070
Event: 27.680 Thread 0x000001d4bcfa7800 DEOPT UNPACKING pc=0x000001d4c6f2a1af sp=0x00000020167fbfe0 mode 2
Event: 27.869 Thread 0x000001d4bcfa7800 DEOPT PACKING pc=0x000001d4c77f55db sp=0x00000020167faf10
Event: 27.869 Thread 0x000001d4bcfa7800 DEOPT UNPACKING pc=0x000001d4c6f2a95e sp=0x00000020167fa388 mode 0
Event: 30.412 Thread 0x000001d4bcfa7800 DEOPT PACKING pc=0x000001d4c7a2f27f sp=0x00000020167fa420
Event: 30.412 Thread 0x000001d4bcfa7800 DEOPT UNPACKING pc=0x000001d4c6f2a95e sp=0x00000020167f9870 mode 0
Event: 31.084 Thread 0x000001d4bcfa7800 DEOPT PACKING pc=0x000001d4c7da7054 sp=0x00000020167fca40
Event: 31.084 Thread 0x000001d4bcfa7800 DEOPT UNPACKING pc=0x000001d4c6f2a95e sp=0x00000020167fbf20 mode 0
Event: 31.104 Thread 0x000001d4bcfa7800 DEOPT PACKING pc=0x000001d4c7da7054 sp=0x00000020167fca40
Event: 31.104 Thread 0x000001d4bcfa7800 DEOPT UNPACKING pc=0x000001d4c6f2a95e sp=0x00000020167fbf20 mode 0
Event: 31.260 Thread 0x000001d4bcfa7800 Uncommon trap: trap_request=0xffffff4d fr.pc=0x000001d4cebee5c8 relative=0x0000000000000108
Event: 31.260 Thread 0x000001d4bcfa7800 Uncommon trap: reason=unstable_if action=reinterpret pc=0x000001d4cebee5c8 method=org.jetbrains.kotlin.metadata.ProtoBuf$Annotation$Argument$Value$Type.valueOf(I)Lorg/jetbrains/kotlin/metadata/ProtoBuf$Annotation$Argument$Value$Type; @ 1 c2
Event: 31.260 Thread 0x000001d4bcfa7800 DEOPT PACKING pc=0x000001d4cebee5c8 sp=0x00000020167fba60
Event: 31.260 Thread 0x000001d4bcfa7800 DEOPT UNPACKING pc=0x000001d4c6f2a1af sp=0x00000020167fb9e8 mode 2

Classes redefined (0 events):
No events

Internal exceptions (20 events):
Event: 6.713 Thread 0x000001d4bcfa7800 Exception <a 'java/lang/NoSuchMethodError'{0x000000072c7269a0}: 'long java.lang.invoke.DirectMethodHandle$Holder.invokeStatic(java.lang.Object)'> (0x000000072c7269a0) thrown at [./src/hotspot/share/interpreter/linkResolver.cpp, line 773]
Event: 6.714 Thread 0x000001d4bcfa7800 Exception <a 'java/lang/NoSuchMethodError'{0x000000072c7297f8}: 'long java.lang.invoke.DirectMethodHandle$Holder.invokeStaticInit(java.lang.Object)'> (0x000000072c7297f8) thrown at [./src/hotspot/share/interpreter/linkResolver.cpp, line 773]
Event: 7.093 Thread 0x000001d4bcfa7800 Exception <a 'java/lang/NoSuchMethodError'{0x000000072eab01f8}: 'int java.lang.invoke.DirectMethodHandle$Holder.invokeStaticInit(java.lang.Object, java.lang.Object, java.lang.Object)'> (0x000000072eab01f8) thrown at [./src/hotspot/share/interpreter/linkResolver.cpp, line 773]
Event: 7.104 Thread 0x000001d4bcfa7800 Exception <a 'java/lang/NoSuchMethodError'{0x000000072eadbc18}: 'int java.lang.invoke.DirectMethodHandle$Holder.invokeStaticInit(java.lang.Object, java.lang.Object)'> (0x000000072eadbc18) thrown at [./src/hotspot/share/interpreter/linkResolver.cpp, line 773]
Event: 7.475 Thread 0x000001d4bcfa7800 Exception <a 'java/lang/NoSuchMethodError'{0x000000072e8ef5f0}: 'void java.lang.invoke.DirectMethodHandle$Holder.invokeSpecial(java.lang.Object, java.lang.Object)'> (0x000000072e8ef5f0) thrown at [./src/hotspot/share/interpreter/linkResolver.cpp, line 773]
Event: 8.210 Thread 0x000001d4bcfa7800 Exception <a 'java/lang/NoSuchMethodError'{0x000000072e0706a8}: 'java.lang.Object java.lang.invoke.DirectMethodHandle$Holder.invokeStatic(java.lang.Object, java.lang.Object, java.lang.Object, java.lang.Object, java.lang.Object, java.lang.Object, java.lang.Object, java.lang.Object, java.lang.Object, java.lang.Object, java.lang.Object, java.lang.Object, java.lang.Object, java.lang.Object, java.lang.Object)'> (0x000000072e0706a8) thrown at [./src/hotspot/share/interpreter/linkResolver.cpp, line 773]
Event: 8.213 Thread 0x000001d4bcfa7800 Exception <a 'java/lang/NoSuchMethodError'{0x000000072e07e6b0}: 'java.lang.Object java.lang.invoke.DirectMethodHandle$Holder.invokeStatic(java.lang.Object, java.lang.Object, java.lang.Object, java.lang.Object, java.lang.Object, java.lang.Object, java.lang.Object, java.lang.Object, java.lang.Object, java.lang.Object, java.lang.Object, java.lang.Object, java.lang.Object, java.lang.Object, java.lang.Object, java.lang.Object)'> (0x000000072e07e6b0) thrown at [./src/hotspot/share/interpreter/linkResolver.cpp, l
Event: 8.214 Thread 0x000001d4bcfa7800 Exception <a 'java/lang/NoSuchMethodError'{0x000000072e08c830}: 'java.lang.Object java.lang.invoke.DirectMethodHandle$Holder.invokeSpecial(java.lang.Object, java.lang.Object, int, int, java.lang.Object, java.lang.Object, java.lang.Object)'> (0x000000072e08c830) thrown at [./src/hotspot/share/interpreter/linkResolver.cpp, line 773]
Event: 8.215 Thread 0x000001d4bcfa7800 Exception <a 'java/lang/NoSuchMethodError'{0x000000072e090068}: 'java.lang.Object java.lang.invoke.DelegatingMethodHandle$Holder.reinvoke_L(java.lang.Object, int, int, java.lang.Object, java.lang.Object, java.lang.Object)'> (0x000000072e090068) thrown at [./src/hotspot/share/interpreter/linkResolver.cpp, line 773]
Event: 8.220 Thread 0x000001d4bcfa7800 Exception <a 'java/lang/NoSuchMethodError'{0x000000072e0943f0}: 'java.lang.Object java.lang.invoke.DirectMethodHandle$Holder.invokeStatic(java.lang.Object, java.lang.Object, java.lang.Object, java.lang.Object, int)'> (0x000000072e0943f0) thrown at [./src/hotspot/share/interpreter/linkResolver.cpp, line 773]
Event: 8.466 Thread 0x000001d4bcfa7800 Exception <a 'java/lang/NoSuchMethodError'{0x000000072dfb8168}: 'void java.lang.invoke.DirectMethodHandle$Holder.invokeStatic(java.lang.Object, java.lang.Object, java.lang.Object, java.lang.Object)'> (0x000000072dfb8168) thrown at [./src/hotspot/share/interpreter/linkResolver.cpp, line 773]
Event: 9.145 Thread 0x000001d4bcfa7800 Exception <a 'java/lang/NoSuchMethodError'{0x000000072db97740}: 'void java.lang.invoke.DirectMethodHandle$Holder.invokeStaticInit(java.lang.Object, java.lang.Object)'> (0x000000072db97740) thrown at [./src/hotspot/share/interpreter/linkResolver.cpp, line 773]
Event: 9.753 Thread 0x000001d4bcfa7800 Exception <a 'java/lang/NoSuchMethodError'{0x000000072d7be438}: 'void java.lang.invoke.DirectMethodHandle$Holder.invokeVirtual(java.lang.Object, java.lang.Object)'> (0x000000072d7be438) thrown at [./src/hotspot/share/interpreter/linkResolver.cpp, line 773]
Event: 9.810 Thread 0x000001d4bcfa7800 Exception <a 'java/lang/NoSuchMethodError'{0x000000072d637db0}: 'int java.lang.invoke.DirectMethodHandle$Holder.invokeVirtual(java.lang.Object, java.lang.Object)'> (0x000000072d637db0) thrown at [./src/hotspot/share/interpreter/linkResolver.cpp, line 773]
Event: 13.687 Thread 0x000001d4bcfa7800 Exception <a 'java/lang/NoSuchMethodError'{0x000000072eba9520}: 'java.lang.Object java.lang.invoke.DirectMethodHandle$Holder.invokeVirtual(java.lang.Object, java.lang.Object, java.lang.Object)'> (0x000000072eba9520) thrown at [./src/hotspot/share/interpreter/linkResolver.cpp, line 773]
Event: 17.182 Thread 0x000001d4bcfa7800 Exception <a 'java/lang/NoSuchMethodError'{0x000000072c8317e8}: 'java.lang.Object java.lang.invoke.Invokers$Holder.linkToTargetMethod(java.lang.Object, int, java.lang.Object)'> (0x000000072c8317e8) thrown at [./src/hotspot/share/interpreter/linkResolver.cpp, line 773]
Event: 21.083 Thread 0x000001d4bcfa7800 Exception <a 'java/lang/NoSuchMethodError'{0x000000072bfedb18}: 'java.lang.Object java.lang.invoke.DirectMethodHandle$Holder.invokeStatic(java.lang.Object, java.lang.Object, java.lang.Object, int)'> (0x000000072bfedb18) thrown at [./src/hotspot/share/interpreter/linkResolver.cpp, line 773]
Event: 21.089 Thread 0x000001d4bcfa7800 Exception <a 'java/lang/NoSuchMethodError'{0x000000072bff1788}: 'java.lang.Object java.lang.invoke.DirectMethodHandle$Holder.invokeSpecial(java.lang.Object, java.lang.Object, java.lang.Object, java.lang.Object, int)'> (0x000000072bff1788) thrown at [./src/hotspot/share/interpreter/linkResolver.cpp, line 773]
Event: 21.089 Thread 0x000001d4bcfa7800 Exception <a 'java/lang/NoSuchMethodError'{0x000000072bff4a98}: 'java.lang.Object java.lang.invoke.Invokers$Holder.linkToTargetMethod(java.lang.Object, java.lang.Object, int, java.lang.Object)'> (0x000000072bff4a98) thrown at [./src/hotspot/share/interpreter/linkResolver.cpp, line 773]
Event: 26.533 Thread 0x000001d4bcfa7800 Implicit null exception at 0x000001d4cebb31dc to 0x000001d4cebb37ac

Events (20 events):
Event: 30.919 loading class org/jetbrains/kotlin/resolve/lazy/descriptors/LazyAnnotationDescriptor done
Event: 30.921 loading class org/jetbrains/kotlin/resolve/lazy/descriptors/LazyAnnotationDescriptor$type$2
Event: 30.921 loading class org/jetbrains/kotlin/resolve/lazy/descriptors/LazyAnnotationDescriptor$type$2 done
Event: 30.922 loading class org/jetbrains/kotlin/resolve/lazy/descriptors/LazyAnnotationDescriptor$type$3
Event: 30.922 loading class org/jetbrains/kotlin/resolve/lazy/descriptors/LazyAnnotationDescriptor$type$3 done
Event: 30.922 loading class org/jetbrains/kotlin/resolve/lazy/descriptors/LazyAnnotationDescriptor$allValueArguments$2
Event: 30.922 loading class org/jetbrains/kotlin/resolve/lazy/descriptors/LazyAnnotationDescriptor$allValueArguments$2 done
Event: 30.930 loading class org/jetbrains/kotlin/descriptors/annotations/TargetedAnnotations
Event: 30.930 loading class org/jetbrains/kotlin/descriptors/annotations/TargetedAnnotations done
Event: 30.939 loading class kotlin/collections/ArraysKt___ArraysKt$asIterable$$inlined$Iterable$1
Event: 30.939 loading class kotlin/collections/ArraysKt___ArraysKt$asIterable$$inlined$Iterable$1 done
Event: 30.939 loading class org/jetbrains/kotlin/resolve/AllUnderImportScope
Event: 30.939 loading class org/jetbrains/kotlin/resolve/AllUnderImportScope done
Event: 30.940 loading class org/jetbrains/kotlin/resolve/AllUnderImportScope$Companion
Event: 30.940 loading class org/jetbrains/kotlin/resolve/AllUnderImportScope$Companion done
Event: 31.054 loading class org/jetbrains/kotlin/descriptors/deserialization/AdditionalClassPartsProvider$None
Event: 31.054 loading class org/jetbrains/kotlin/descriptors/deserialization/AdditionalClassPartsProvider$None done
Event: 31.058 loading class org/jetbrains/kotlin/descriptors/deserialization/PlatformDependentDeclarationFilter$All
Event: 31.058 loading class org/jetbrains/kotlin/descriptors/deserialization/PlatformDependentDeclarationFilter$All done
Event: 31.115 Thread 0x000001d4e3f09800 Thread added: 0x000001d4e3f09800


Dynamic libraries:
0x00007ff6dde30000 - 0x00007ff6dde3d000 	C:\Program Files\Microsoft\jdk-11.0.18.10-hotspot\bin\java.exe
0x00007ffd5c0d0000 - 0x00007ffd5c2e7000 	C:\WINDOWS\SYSTEM32\ntdll.dll
0x00007ffd5a5c0000 - 0x00007ffd5a684000 	C:\WINDOWS\System32\KERNEL32.DLL
0x00007ffd594c0000 - 0x00007ffd59866000 	C:\WINDOWS\System32\KERNELBASE.dll
0x00007ffd59b70000 - 0x00007ffd59c81000 	C:\WINDOWS\System32\ucrtbase.dll
0x00007ffd23150000 - 0x00007ffd23167000 	C:\Program Files\Microsoft\jdk-11.0.18.10-hotspot\bin\jli.dll
0x00007ffd5a710000 - 0x00007ffd5a8bd000 	C:\WINDOWS\System32\USER32.dll
0x00007ffd59e00000 - 0x00007ffd59e26000 	C:\WINDOWS\System32\win32u.dll
0x00007ffd5bc40000 - 0x00007ffd5bc69000 	C:\WINDOWS\System32\GDI32.dll
0x00007ffd59870000 - 0x00007ffd59988000 	C:\WINDOWS\System32\gdi32full.dll
0x00007ffd59a10000 - 0x00007ffd59aaa000 	C:\WINDOWS\System32\msvcp_win.dll
0x00007ffd24f70000 - 0x00007ffd24f85000 	C:\Program Files\Microsoft\jdk-11.0.18.10-hotspot\bin\VCRUNTIME140.dll
0x00007ffd44c00000 - 0x00007ffd44e93000 	C:\WINDOWS\WinSxS\amd64_microsoft.windows.common-controls_6595b64144ccf1df_6.0.22621.2361_none_2712ced57382f843\COMCTL32.dll
0x00007ffd59e30000 - 0x00007ffd59ed7000 	C:\WINDOWS\System32\msvcrt.dll
0x00007ffd5c050000 - 0x00007ffd5c081000 	C:\WINDOWS\System32\IMM32.DLL
0x00007ffd1c240000 - 0x00007ffd1c2db000 	C:\Program Files\Microsoft\jdk-11.0.18.10-hotspot\bin\msvcp140.dll
0x00007ffcc8d20000 - 0x00007ffcc98b2000 	C:\Program Files\Microsoft\jdk-11.0.18.10-hotspot\bin\server\jvm.dll
0x00007ffd5bb90000 - 0x00007ffd5bc40000 	C:\WINDOWS\System32\ADVAPI32.dll
0x00007ffd5bae0000 - 0x00007ffd5bb86000 	C:\WINDOWS\System32\sechost.dll
0x00007ffd5a8c0000 - 0x00007ffd5a9d7000 	C:\WINDOWS\System32\RPCRT4.dll
0x00007ffd5a6f0000 - 0x00007ffd5a6f8000 	C:\WINDOWS\System32\PSAPI.DLL
0x00007ffd432f0000 - 0x00007ffd432f9000 	C:\WINDOWS\SYSTEM32\WSOCK32.dll
0x00007ffd5ac00000 - 0x00007ffd5ac71000 	C:\WINDOWS\System32\WS2_32.dll
0x00007ffd507a0000 - 0x00007ffd507d4000 	C:\WINDOWS\SYSTEM32\WINMM.dll
0x00007ffd507e0000 - 0x00007ffd507ea000 	C:\WINDOWS\SYSTEM32\VERSION.dll
0x00007ffd583f0000 - 0x00007ffd58408000 	C:\WINDOWS\SYSTEM32\kernel.appcore.dll
0x00007ffd41250000 - 0x00007ffd41260000 	C:\Program Files\Microsoft\jdk-11.0.18.10-hotspot\bin\verify.dll
0x00007ffd4d3c0000 - 0x00007ffd4d5ee000 	C:\WINDOWS\SYSTEM32\DBGHELP.DLL
0x00007ffd5bc70000 - 0x00007ffd5bffa000 	C:\WINDOWS\System32\combase.dll
0x00007ffd5b5e0000 - 0x00007ffd5b6b7000 	C:\WINDOWS\System32\OLEAUT32.dll
0x00007ffd4ed10000 - 0x00007ffd4ed42000 	C:\WINDOWS\SYSTEM32\dbgcore.DLL
0x00007ffd59990000 - 0x00007ffd59a0a000 	C:\WINDOWS\System32\bcryptPrimitives.dll
0x00007ffd21f10000 - 0x00007ffd21f38000 	C:\Program Files\Microsoft\jdk-11.0.18.10-hotspot\bin\java.dll
0x00007ffd40550000 - 0x00007ffd4055a000 	C:\Program Files\Microsoft\jdk-11.0.18.10-hotspot\bin\jimage.dll
0x00007ffd208e0000 - 0x00007ffd208f8000 	C:\Program Files\Microsoft\jdk-11.0.18.10-hotspot\bin\zip.dll
0x00007ffd5ad80000 - 0x00007ffd5b5d8000 	C:\WINDOWS\System32\SHELL32.dll
0x00007ffd57360000 - 0x00007ffd57c52000 	C:\WINDOWS\SYSTEM32\windows.storage.dll
0x00007ffd57220000 - 0x00007ffd5735e000 	C:\WINDOWS\SYSTEM32\wintypes.dll
0x00007ffd5ac80000 - 0x00007ffd5ad73000 	C:\WINDOWS\System32\SHCORE.dll
0x00007ffd5a690000 - 0x00007ffd5a6ee000 	C:\WINDOWS\System32\shlwapi.dll
0x00007ffd59380000 - 0x00007ffd593a6000 	C:\WINDOWS\SYSTEM32\profapi.dll
0x00007ffd208c0000 - 0x00007ffd208d9000 	C:\Program Files\Microsoft\jdk-11.0.18.10-hotspot\bin\net.dll
0x00007ffd522f0000 - 0x00007ffd52427000 	C:\WINDOWS\SYSTEM32\WINHTTP.dll
0x00007ffd588c0000 - 0x00007ffd58929000 	C:\WINDOWS\system32\mswsock.dll
0x00007ffd1f940000 - 0x00007ffd1f953000 	C:\Program Files\Microsoft\jdk-11.0.18.10-hotspot\bin\nio.dll

dbghelp: loaded successfully - version: 4.0.5 - missing functions: none
symbol engine: initialized successfully - sym options: 0x614 - pdb path: .;C:\Program Files\Microsoft\jdk-11.0.18.10-hotspot\bin;C:\WINDOWS\SYSTEM32;C:\WINDOWS\WinSxS\amd64_microsoft.windows.common-controls_6595b64144ccf1df_6.0.22621.2361_none_2712ced57382f843;C:\Program Files\Microsoft\jdk-11.0.18.10-hotspot\bin\server

VM Arguments:
java_command: org.jetbrains.kotlin.cli.jvm.K2JVMCompiler @C:\Estudos\projetos\paper.me\mobile\node_modules\react-native-webview\android\build\20231110_9176289869906654488.compiler.options
java_class_path (initial): C:\Users\JoaoPedro\.gradle\caches\modules-2\files-2.1\org.jetbrains.kotlin\kotlin-compiler-embeddable\1.6.0\aa8da3bedc53c89219b84a0b40c7419431a13e76\kotlin-compiler-embeddable-1.6.0.jar;C:\Users\JoaoPedro\.gradle\caches\modules-2\files-2.1\org.jetbrains.kotlin\kotlin-reflect\1.6.0\a215a7f914d5916dc5fd2d45cea16524e0220203\kotlin-reflect-1.6.0.jar;C:\Users\JoaoPedro\.gradle\caches\modules-2\files-2.1\org.jetbrains.kotlin\kotlin-stdlib\1.6.0\a40b8b22529b733892edf4b73468ce598bb17f04\kotlin-stdlib-1.6.0.jar;C:\Users\JoaoPedro\.gradle\caches\modules-2\files-2.1\org.jetbrains.kotlin\kotlin-script-runtime\1.6.0\55f72526ddcff6fc77d72cdf949c7e3d9bd95620\kotlin-script-runtime-1.6.0.jar;C:\Users\JoaoPedro\.gradle\caches\modules-2\files-2.1\org.jetbrains.kotlin\kotlin-daemon-embeddable\1.6.0\d6242b37f4ce6b637d10847c7558446272ec8432\kotlin-daemon-embeddable-1.6.0.jar;C:\Users\JoaoPedro\.gradle\caches\modules-2\files-2.1\org.jetbrains.intellij.deps\trove4j\1.0.20181211\216c2e14b070f334479d800987affe4054cd563f\trove4j-1.0.20181211.jar;C:\Users\JoaoPedro\.gradle\caches\modules-2\files-2.1\net.java.dev.jna\jna\5.6.0\330f2244e9030119ab3030fc3fededc86713d9cc\jna-5.6.0.jar;C:\Users\JoaoPedro\.gradle\caches\modules-2\files-2.1\org.jetbrains\annotations\13.0\919f0dfe192fb4e063e7dacadee7f8bb9a2672a9\annotations-13.0.jar;C:\Users\JoaoPedro\.gradle\caches\modules-2\files-2.1\org.jetbrains.kotlin\kotlin-stdlib-common\1.6.0\7857e365f925cfa060f941c1357cda1f8790502c\kotlin-stdlib-common-1.6.0.jar
Launcher Type: SUN_STANDARD

[Global flags]
     intx CICompilerCount                          = 4                                         {product} {ergonomic}
     uint ConcGCThreads                            = 2                                         {product} {ergonomic}
     uint G1ConcRefinementThreads                  = 8                                         {product} {ergonomic}
   size_t G1HeapRegionSize                         = 1048576                                   {product} {ergonomic}
    uintx GCDrainStackTargetSize                   = 64                                        {product} {ergonomic}
   size_t InitialHeapSize                          = 234881024                                 {product} {ergonomic}
   size_t MarkStackSize                            = 4194304                                   {product} {ergonomic}
   size_t MaxHeapSize                              = 3745513472                                {product} {ergonomic}
   size_t MaxNewSize                               = 2247098368                                {product} {ergonomic}
   size_t MinHeapDeltaBytes                        = 1048576                                   {product} {ergonomic}
    uintx NonNMethodCodeHeapSize                   = 5836300                                {pd product} {ergonomic}
    uintx NonProfiledCodeHeapSize                  = 122910970                              {pd product} {ergonomic}
    uintx ProfiledCodeHeapSize                     = 122910970                              {pd product} {ergonomic}
    uintx ReservedCodeCacheSize                    = 251658240                              {pd product} {ergonomic}
     bool SegmentedCodeCache                       = true                                      {product} {ergonomic}
     bool UseCompressedClassPointers               = true                                 {lp64_product} {ergonomic}
     bool UseCompressedOops                        = true                                 {lp64_product} {ergonomic}
     bool UseG1GC                                  = true                                      {product} {ergonomic}
     bool UseLargePagesIndividualAllocation        = false                                  {pd product} {ergonomic}

Logging:
Log output configuration:
 #0: stdout all=warning uptime,level,tags
 #1: stderr all=off uptime,level,tags

Environment Variables:
JAVA_HOME=C:\Program Files\Microsoft\jdk-11.0.18.10-hotspot\
CLASSPATH=C:\Estudos\projetos\paper.me\mobile\android\\gradle\wrapper\gradle-wrapper.jar
PATH=C:\Estudos\projetos\paper.me\mobile\node_modules\.bin;C:\Estudos\projetos\paper.me\mobile\node_modules\.bin;C:\Estudos\projetos\paper.me\node_modules\.bin;C:\Estudos\projetos\node_modules\.bin;C:\Estudos\node_modules\.bin;C:\node_modules\.bin;C:\Users\JoaoPedro\AppData\Roaming\nvm\v18.17.1\node_modules\npm\node_modules\@npmcli\run-script\lib\node-gyp-bin;C:\Users\JOAOPE~1\AppData\Local\Temp\yarn--1699644138798-0.3644186080240057;C:\Estudos\projetos\paper.me\mobile\node_modules\.bin;C:\Users\JoaoPedro\AppData\Local\Yarn\Data\link\node_modules\.bin;C:\Program Files\libexec\lib\node_modules\npm\bin\node-gyp-bin;C:\Program Files\lib\node_modules\npm\bin\node-gyp-bin;C:\Program Files\nodejs\node_modules\npm\bin\node-gyp-bin;C:\Program Files (x86)\Common Files\Oracle\Java\javapath;C:\Program Files\Microsoft\jdk-11.0.18.10-hotspot\bin;C:\platform-tools;C:\Windows\System32;C:\ProgramData\chocolatey\bin;C:\Users\JoaoPedro\AppData\Local\Android\Sdk\platform-tools;C:\Program Files\OpenSSL-Win64\bin;;C:\WINDOWS\system32;C:\WINDOWS;C:\WINDOWS\System32\Wbem;C:\WINDOWS\System32\WindowsPowerShell\v1.0\;C:\WINDOWS\System32\OpenSSH\;C:\Program Files\Docker\Docker\resources\bin;C:\Users\JoaoPedro\AppData\Local\Microsoft\WindowsApps;C:\Users\JoaoPedro\AppData\Roaming\npm;C:\Users\JoaoPedro\AppData\Local\Programs\Microsoft VS Code\bin;C:\Program Files\MySQL\MySQL Server 8.0\bin;C:\MinGW\bin;C:\Users\JoaoPedro\AppData\Local\JetBrains\CLion 2021.1.2\bin;C:\Users\JoaoPedro\AppData\Local\hyper\app-3.0.2\resources\bin;C:\Users\JoaoPedro\AppData\Roaming\Composer\vendor\bin;C:\Users\JoaoPedro\AppData\Local\Programs\Hyper\resources\bin;C:\Users\JoaoPedro\AppData\Local\Yarn\bin;C:\Users\JoaoPedro\AppData\Roaming\nvm;C:\Program Files\nodejs;C:\Program Files\vtex\bin;C:\Users\JoaoPedro\AppData\Local\GitHubDesktop\bin;C:\Windows\System32;C:\Program Files\Git\bin;C:\Users\JoaoPedro\AppData\Local\Android\Sdk\platform-tools;C:\Users\Joo Pedro\AppData\Local\Programs\Microsoft VS Code\bin;C:\Program 
USERNAME=JoaoPedro
LANG=pt_BR.UTF-8
OS=Windows_NT
PROCESSOR_IDENTIFIER=AMD64 Family 23 Model 24 Stepping 1, AuthenticAMD
TMP=C:\Users\JOAOPE~1\AppData\Local\Temp
TEMP=C:\Users\JOAOPE~1\AppData\Local\Temp



---------------  S Y S T E M  ---------------

OS: Windows 11 , 64 bit Build 22621 (10.0.22621.2428)
OS uptime: 0 days 16:24 hours
Hyper-V role detected

CPU:total 8 (initial active 8) (8 cores per cpu, 2 threads per core) family 23 model 24 stepping 1 microcode 0x0, cmov, cx8, fxsr, mmx, sse, sse2, sse3, ssse3, sse4.1, sse4.2, popcnt, avx, avx2, aes, clmul, mmxext, 3dnowpref, lzcnt, sse4a, ht, tsc, tscinvbit, tscinv, bmi1, bmi2, adx, sha, fma

Memory: 4k page, system-wide physical 14284M (1504M free)
TotalPageFile size 24372M (AvailPageFile size 5M)
current process WorkingSet (physical memory assigned to process): 241M, peak: 254M
current process commit charge ("private bytes"): 401M, peak: 434M

vm_info: OpenJDK 64-Bit Server VM (11.0.18+10-LTS) for windows-amd64 JRE (11.0.18+10-LTS), built on Jan 18 2023 15:56:47 by "MicrosoftCorporation" with MS VC++ 15.9 (VS2017)

END.
