#
# There is insufficient memory for the Java Runtime Environment to continue.
# Native memory allocation (malloc) failed to allocate 277136 bytes for Chunk::new
# Possible reasons:
#   The system is out of physical RAM or swap space
#   The process is running with CompressedOops enabled, and the Java Heap may be blocking the growth of the native heap
# Possible solutions:
#   Reduce memory load on the system
#   Increase physical memory or swap space
#   Check if swap backing store is full
#   Decrease Java heap size (-Xmx/-Xms)
#   Decrease number of Java threads
#   Decrease Java thread stack sizes (-Xss)
#   Set larger code cache with -XX:ReservedCodeCacheSize=
#   JVM is running with Zero Based Compressed Oops mode in which the Java heap is
#     placed in the first 32GB address space. The Java Heap base address is the
#     maximum limit for the native heap growth. Please use -XX:HeapBaseMinAddress
#     to set the Java Heap base and to place the Java Heap above 32GB virtual address.
# This output file may be truncated or incomplete.
#
#  Out of Memory Error (./src/hotspot/share/memory/arena.cpp:197), pid=18060, tid=20756
#
# JRE version: OpenJDK Runtime Environment Microsoft-7208460 (11.0.18+10) (build 11.0.18+10-LTS)
# Java VM: OpenJDK 64-Bit Server VM Microsoft-7208460 (11.0.18+10-LTS, mixed mode, tiered, compressed oops, g1 gc, windows-amd64)
# No core dump will be written. Minidumps are not enabled by default on client versions of Windows
#

---------------  S U M M A R Y ------------

Command Line: org.jetbrains.kotlin.cli.jvm.K2JVMCompiler @C:\Estudos\projetos\paper.me\mobile\node_modules\react-native-gesture-handler\android\build\20231110_17340872356386831726.compiler.options

Host: AMD Ryzen 5 3400G with Radeon Vega Graphics    , 8 cores, 13G,  Windows 11 , 64 bit Build 22621 (10.0.22621.2428)
Time: Fri Nov 10 16:28:54 2023 Hora oficial do Brasil elapsed time: 31.571201 seconds (0d 0h 0m 31s)

---------------  T H R E A D  ---------------

Current thread (0x000002587f5a3000):  JavaThread "C2 CompilerThread0" daemon [_thread_in_native, id=20756, stack(0x000000f8e0800000,0x000000f8e0900000)]


Current CompileTask:
C2:  31571 4030       4       jdk.internal.org.objectweb.asm.Type::getArgumentsAndReturnSizes (151 bytes)

Stack: [0x000000f8e0800000,0x000000f8e0900000]
Native frames: (J=compiled Java code, j=interpreted, Vv=VM code, C=native code)
V  [jvm.dll+0x62bf8a]
V  [jvm.dll+0x7b8fb9]
V  [jvm.dll+0x7ba6a8]
V  [jvm.dll+0x7bad83]
V  [jvm.dll+0x250248]
V  [jvm.dll+0xc260c]
V  [jvm.dll+0xc2bcc]
V  [jvm.dll+0x2c4e64]
V  [jvm.dll+0x533dcc]
V  [jvm.dll+0x21177b]
V  [jvm.dll+0x20b39a]
V  [jvm.dll+0x2083eb]
V  [jvm.dll+0x18a4b1]
V  [jvm.dll+0x217eec]
V  [jvm.dll+0x21612b]
V  [jvm.dll+0x77bac0]
V  [jvm.dll+0x7749f4]
V  [jvm.dll+0x62adf5]
C  [ucrtbase.dll+0x29363]
C  [KERNEL32.DLL+0x1257d]
C  [ntdll.dll+0x5aa78]


---------------  P R O C E S S  ---------------

Threads class SMR info:
_java_thread_list=0x000002580fab04d0, length=10, elements={
0x0000025869358800, 0x000002587f589000, 0x000002587f58a000, 0x000002587f5f7800,
0x000002587f5fa800, 0x000002587f5fc000, 0x000002587f5a3000, 0x000002587f5a7000,
0x000002587f5a8000, 0x000002587f773000
}

Java Threads: ( => current thread )
  0x0000025869358800 JavaThread "main" [_thread_in_vm, id=11188, stack(0x000000f8dfc00000,0x000000f8dfd00000)]
  0x000002587f589000 JavaThread "Reference Handler" daemon [_thread_blocked, id=2428, stack(0x000000f8e0300000,0x000000f8e0400000)]
  0x000002587f58a000 JavaThread "Finalizer" daemon [_thread_blocked, id=9676, stack(0x000000f8e0400000,0x000000f8e0500000)]
  0x000002587f5f7800 JavaThread "Signal Dispatcher" daemon [_thread_blocked, id=8612, stack(0x000000f8e0500000,0x000000f8e0600000)]
  0x000002587f5fa800 JavaThread "Attach Listener" daemon [_thread_blocked, id=18996, stack(0x000000f8e0600000,0x000000f8e0700000)]
  0x000002587f5fc000 JavaThread "Service Thread" daemon [_thread_blocked, id=14600, stack(0x000000f8e0700000,0x000000f8e0800000)]
=>0x000002587f5a3000 JavaThread "C2 CompilerThread0" daemon [_thread_in_native, id=20756, stack(0x000000f8e0800000,0x000000f8e0900000)]
  0x000002587f5a7000 JavaThread "C1 CompilerThread0" daemon [_thread_blocked, id=1280, stack(0x000000f8e0900000,0x000000f8e0a00000)]
  0x000002587f5a8000 JavaThread "Sweeper thread" daemon [_thread_blocked, id=2288, stack(0x000000f8e0a00000,0x000000f8e0b00000)]
  0x000002587f773000 JavaThread "Common-Cleaner" daemon [_thread_blocked, id=10760, stack(0x000000f8e0c00000,0x000000f8e0d00000)]

Other Threads:
  0x000002587f564000 VMThread "VM Thread" [stack: 0x000000f8e0200000,0x000000f8e0300000] [id=12644]
  0x000002587f767000 WatcherThread [stack: 0x000000f8e0b00000,0x000000f8e0c00000] [id=17884]
  0x0000025869372000 GCTaskThread "GC Thread#0" [stack: 0x000000f8dfd00000,0x000000f8dfe00000] [id=10884]
  0x000002580f382800 GCTaskThread "GC Thread#1" [stack: 0x000000f8e0d00000,0x000000f8e0e00000] [id=15448]
  0x000002580f383000 GCTaskThread "GC Thread#2" [stack: 0x000000f8e0e00000,0x000000f8e0f00000] [id=15876]
  0x000002580f3a8000 GCTaskThread "GC Thread#3" [stack: 0x000000f8e0f00000,0x000000f8e1000000] [id=15568]
  0x000002580f3a9000 GCTaskThread "GC Thread#4" [stack: 0x000000f8e1000000,0x000000f8e1100000] [id=8328]
  0x00000258693c2800 ConcurrentGCThread "G1 Main Marker" [stack: 0x000000f8dfe00000,0x000000f8dff00000] [id=12560]
  0x00000258693c4000 ConcurrentGCThread "G1 Conc#0" [stack: 0x000000f8dff00000,0x000000f8e0000000] [id=6056]
  0x000002580f7fe800 ConcurrentGCThread "G1 Conc#1" [stack: 0x000000f8e1100000,0x000000f8e1200000] [id=18188]
  0x000002587ebc2800 ConcurrentGCThread "G1 Refine#0" [stack: 0x000000f8e0000000,0x000000f8e0100000] [id=232]
  0x0000025812363800 ConcurrentGCThread "G1 Refine#1" [stack: 0x000000f8e1200000,0x000000f8e1300000] [id=5008]
  0x000002587ebc3800 ConcurrentGCThread "G1 Young RemSet Sampling" [stack: 0x000000f8e0100000,0x000000f8e0200000] [id=6276]

Threads with active compile tasks:
C2 CompilerThread0    31592 4030       4       jdk.internal.org.objectweb.asm.Type::getArgumentsAndReturnSizes (151 bytes)

VM state:not at safepoint (normal execution)

VM Mutex/Monitor currently owned by a thread:  ([mutex/lock_event])
[0x0000025869354870] MetaspaceExpand_lock - owner thread: 0x0000025869358800

Heap address: 0x0000000720c00000, size: 3572 MB, Compressed Oops mode: Zero based, Oop shift amount: 3
Narrow klass base: 0x0000000800000000, Narrow klass shift: 0
Compressed class space size: 1073741824 Address: 0x0000000800000000

Heap:
 garbage-first heap   total 229376K, used 86132K [0x0000000720c00000, 0x0000000800000000)
  region size 1024K, 65 young (66560K), 2 survivors (2048K)
 Metaspace       used 48282K, capacity 48796K, committed 48848K, reserved 1093632K
  class space    used 5600K, capacity 5833K, committed 5884K, reserved 1048576K
Heap Regions: E=young(eden), S=young(survivor), O=old, HS=humongous(starts), HC=humongous(continues), CS=collection set, F=free, A=archive, TAMS=top-at-mark-start (previous, next)
|   0|0x0000000720c00000, 0x0000000720d00000, 0x0000000720d00000|100%|HS|  |TAMS 0x0000000720d00000, 0x0000000720c00000| Complete 
|   1|0x0000000720d00000, 0x0000000720e00000, 0x0000000720e00000|100%|HC|  |TAMS 0x0000000720e00000, 0x0000000720d00000| Complete 
|   2|0x0000000720e00000, 0x0000000720f00000, 0x0000000720f00000|100%|HC|  |TAMS 0x0000000720f00000, 0x0000000720e00000| Complete 
|   3|0x0000000720f00000, 0x0000000721000000, 0x0000000721000000|100%|HS|  |TAMS 0x0000000721000000, 0x0000000720f00000| Complete 
|   4|0x0000000721000000, 0x0000000721100000, 0x0000000721100000|100%|HC|  |TAMS 0x0000000721100000, 0x0000000721000000| Complete 
|   5|0x0000000721100000, 0x0000000721200000, 0x0000000721200000|100%|HC|  |TAMS 0x0000000721200000, 0x0000000721100000| Complete 
|   6|0x0000000721200000, 0x0000000721300000, 0x0000000721300000|100%|HS|  |TAMS 0x0000000721200000, 0x0000000721200000| Complete 
|   7|0x0000000721300000, 0x0000000721400000, 0x0000000721400000|100%|HC|  |TAMS 0x0000000721300000, 0x0000000721300000| Complete 
|   8|0x0000000721400000, 0x0000000721500000, 0x0000000721500000|100%| O|  |TAMS 0x0000000721500000, 0x0000000721400000| Untracked 
|   9|0x0000000721500000, 0x0000000721600000, 0x0000000721600000|100%| O|  |TAMS 0x0000000721600000, 0x0000000721500000| Untracked 
|  10|0x0000000721600000, 0x0000000721700000, 0x0000000721700000|100%| O|  |TAMS 0x0000000721700000, 0x0000000721600000| Untracked 
|  11|0x0000000721700000, 0x0000000721800000, 0x0000000721800000|100%| O|  |TAMS 0x0000000721800000, 0x0000000721700000| Untracked 
|  12|0x0000000721800000, 0x0000000721900000, 0x0000000721900000|100%| O|  |TAMS 0x0000000721900000, 0x0000000721800000| Untracked 
|  13|0x0000000721900000, 0x0000000721a00000, 0x0000000721a00000|100%| O|  |TAMS 0x0000000721a00000, 0x0000000721900000| Untracked 
|  14|0x0000000721a00000, 0x0000000721b00000, 0x0000000721b00000|100%| O|  |TAMS 0x0000000721b00000, 0x0000000721a00000| Untracked 
|  15|0x0000000721b00000, 0x0000000721c00000, 0x0000000721c00000|100%| O|  |TAMS 0x0000000721c00000, 0x0000000721b00000| Untracked 
|  16|0x0000000721c00000, 0x0000000721d00000, 0x0000000721d00000|100%| O|  |TAMS 0x0000000721d00000, 0x0000000721c00000| Untracked 
|  17|0x0000000721d00000, 0x0000000721e00000, 0x0000000721e00000|100%| O|  |TAMS 0x0000000721e00000, 0x0000000721d00000| Untracked 
|  18|0x0000000721e00000, 0x0000000721f00000, 0x0000000721f00000|100%| O|  |TAMS 0x0000000721f00000, 0x0000000721e00000| Untracked 
|  19|0x0000000721f00000, 0x0000000722000000, 0x0000000722000000|100%| O|  |TAMS 0x0000000722000000, 0x0000000721f00000| Untracked 
|  20|0x0000000722000000, 0x000000072207b200, 0x0000000722100000| 48%| O|  |TAMS 0x000000072207b200, 0x0000000722000000| Untracked 
|  21|0x0000000722100000, 0x0000000722100000, 0x0000000722200000|  0%| F|  |TAMS 0x0000000722100000, 0x0000000722100000| Untracked 
|  22|0x0000000722200000, 0x0000000722200000, 0x0000000722300000|  0%| F|  |TAMS 0x0000000722200000, 0x0000000722200000| Untracked 
|  23|0x0000000722300000, 0x0000000722300000, 0x0000000722400000|  0%| F|  |TAMS 0x0000000722300000, 0x0000000722300000| Untracked 
|  24|0x0000000722400000, 0x0000000722400000, 0x0000000722500000|  0%| F|  |TAMS 0x0000000722400000, 0x0000000722400000| Untracked 
|  25|0x0000000722500000, 0x0000000722500000, 0x0000000722600000|  0%| F|  |TAMS 0x0000000722500000, 0x0000000722500000| Untracked 
|  26|0x0000000722600000, 0x0000000722600000, 0x0000000722700000|  0%| F|  |TAMS 0x0000000722600000, 0x0000000722600000| Untracked 
|  27|0x0000000722700000, 0x0000000722700000, 0x0000000722800000|  0%| F|  |TAMS 0x0000000722700000, 0x0000000722700000| Untracked 
|  28|0x0000000722800000, 0x0000000722800000, 0x0000000722900000|  0%| F|  |TAMS 0x0000000722800000, 0x0000000722800000| Untracked 
|  29|0x0000000722900000, 0x0000000722900000, 0x0000000722a00000|  0%| F|  |TAMS 0x0000000722900000, 0x0000000722900000| Untracked 
|  30|0x0000000722a00000, 0x0000000722a00000, 0x0000000722b00000|  0%| F|  |TAMS 0x0000000722a00000, 0x0000000722a00000| Untracked 
|  31|0x0000000722b00000, 0x0000000722b00000, 0x0000000722c00000|  0%| F|  |TAMS 0x0000000722b00000, 0x0000000722b00000| Untracked 
|  32|0x0000000722c00000, 0x0000000722c00000, 0x0000000722d00000|  0%| F|  |TAMS 0x0000000722c00000, 0x0000000722c00000| Untracked 
|  33|0x0000000722d00000, 0x0000000722d00000, 0x0000000722e00000|  0%| F|  |TAMS 0x0000000722d00000, 0x0000000722d00000| Untracked 
|  34|0x0000000722e00000, 0x0000000722e00000, 0x0000000722f00000|  0%| F|  |TAMS 0x0000000722e00000, 0x0000000722e00000| Untracked 
|  35|0x0000000722f00000, 0x0000000722f00000, 0x0000000723000000|  0%| F|  |TAMS 0x0000000722f00000, 0x0000000722f00000| Untracked 
|  36|0x0000000723000000, 0x0000000723000000, 0x0000000723100000|  0%| F|  |TAMS 0x0000000723000000, 0x0000000723000000| Untracked 
|  37|0x0000000723100000, 0x0000000723100000, 0x0000000723200000|  0%| F|  |TAMS 0x0000000723100000, 0x0000000723100000| Untracked 
|  38|0x0000000723200000, 0x0000000723200000, 0x0000000723300000|  0%| F|  |TAMS 0x0000000723200000, 0x0000000723200000| Untracked 
|  39|0x0000000723300000, 0x0000000723300000, 0x0000000723400000|  0%| F|  |TAMS 0x0000000723300000, 0x0000000723300000| Untracked 
|  40|0x0000000723400000, 0x0000000723400000, 0x0000000723500000|  0%| F|  |TAMS 0x0000000723400000, 0x0000000723400000| Untracked 
|  41|0x0000000723500000, 0x0000000723500000, 0x0000000723600000|  0%| F|  |TAMS 0x0000000723500000, 0x0000000723500000| Untracked 
|  42|0x0000000723600000, 0x0000000723600000, 0x0000000723700000|  0%| F|  |TAMS 0x0000000723600000, 0x0000000723600000| Untracked 
|  43|0x0000000723700000, 0x0000000723700000, 0x0000000723800000|  0%| F|  |TAMS 0x0000000723700000, 0x0000000723700000| Untracked 
|  44|0x0000000723800000, 0x0000000723800000, 0x0000000723900000|  0%| F|  |TAMS 0x0000000723800000, 0x0000000723800000| Untracked 
|  45|0x0000000723900000, 0x0000000723900000, 0x0000000723a00000|  0%| F|  |TAMS 0x0000000723900000, 0x0000000723900000| Untracked 
|  46|0x0000000723a00000, 0x0000000723a00000, 0x0000000723b00000|  0%| F|  |TAMS 0x0000000723a00000, 0x0000000723a00000| Untracked 
|  47|0x0000000723b00000, 0x0000000723b00000, 0x0000000723c00000|  0%| F|  |TAMS 0x0000000723b00000, 0x0000000723b00000| Untracked 
|  48|0x0000000723c00000, 0x0000000723c00000, 0x0000000723d00000|  0%| F|  |TAMS 0x0000000723c00000, 0x0000000723c00000| Untracked 
|  49|0x0000000723d00000, 0x0000000723d00000, 0x0000000723e00000|  0%| F|  |TAMS 0x0000000723d00000, 0x0000000723d00000| Untracked 
|  50|0x0000000723e00000, 0x0000000723e00000, 0x0000000723f00000|  0%| F|  |TAMS 0x0000000723e00000, 0x0000000723e00000| Untracked 
|  51|0x0000000723f00000, 0x0000000723f00000, 0x0000000724000000|  0%| F|  |TAMS 0x0000000723f00000, 0x0000000723f00000| Untracked 
|  52|0x0000000724000000, 0x0000000724000000, 0x0000000724100000|  0%| F|  |TAMS 0x0000000724000000, 0x0000000724000000| Untracked 
|  53|0x0000000724100000, 0x0000000724100000, 0x0000000724200000|  0%| F|  |TAMS 0x0000000724100000, 0x0000000724100000| Untracked 
|  54|0x0000000724200000, 0x0000000724200000, 0x0000000724300000|  0%| F|  |TAMS 0x0000000724200000, 0x0000000724200000| Untracked 
|  55|0x0000000724300000, 0x0000000724300000, 0x0000000724400000|  0%| F|  |TAMS 0x0000000724300000, 0x0000000724300000| Untracked 
|  56|0x0000000724400000, 0x0000000724400000, 0x0000000724500000|  0%| F|  |TAMS 0x0000000724400000, 0x0000000724400000| Untracked 
|  57|0x0000000724500000, 0x0000000724500000, 0x0000000724600000|  0%| F|  |TAMS 0x0000000724500000, 0x0000000724500000| Untracked 
|  58|0x0000000724600000, 0x0000000724600000, 0x0000000724700000|  0%| F|  |TAMS 0x0000000724600000, 0x0000000724600000| Untracked 
|  59|0x0000000724700000, 0x0000000724700000, 0x0000000724800000|  0%| F|  |TAMS 0x0000000724700000, 0x0000000724700000| Untracked 
|  60|0x0000000724800000, 0x0000000724800000, 0x0000000724900000|  0%| F|  |TAMS 0x0000000724800000, 0x0000000724800000| Untracked 
|  61|0x0000000724900000, 0x0000000724900000, 0x0000000724a00000|  0%| F|  |TAMS 0x0000000724900000, 0x0000000724900000| Untracked 
|  62|0x0000000724a00000, 0x0000000724a00000, 0x0000000724b00000|  0%| F|  |TAMS 0x0000000724a00000, 0x0000000724a00000| Untracked 
|  63|0x0000000724b00000, 0x0000000724b00000, 0x0000000724c00000|  0%| F|  |TAMS 0x0000000724b00000, 0x0000000724b00000| Untracked 
|  64|0x0000000724c00000, 0x0000000724c00000, 0x0000000724d00000|  0%| F|  |TAMS 0x0000000724c00000, 0x0000000724c00000| Untracked 
|  65|0x0000000724d00000, 0x0000000724d00000, 0x0000000724e00000|  0%| F|  |TAMS 0x0000000724d00000, 0x0000000724d00000| Untracked 
|  66|0x0000000724e00000, 0x0000000724e00000, 0x0000000724f00000|  0%| F|  |TAMS 0x0000000724e00000, 0x0000000724e00000| Untracked 
|  67|0x0000000724f00000, 0x0000000724f00000, 0x0000000725000000|  0%| F|  |TAMS 0x0000000724f00000, 0x0000000724f00000| Untracked 
|  68|0x0000000725000000, 0x0000000725000000, 0x0000000725100000|  0%| F|  |TAMS 0x0000000725000000, 0x0000000725000000| Untracked 
|  69|0x0000000725100000, 0x0000000725100000, 0x0000000725200000|  0%| F|  |TAMS 0x0000000725100000, 0x0000000725100000| Untracked 
|  70|0x0000000725200000, 0x0000000725200000, 0x0000000725300000|  0%| F|  |TAMS 0x0000000725200000, 0x0000000725200000| Untracked 
|  71|0x0000000725300000, 0x0000000725300000, 0x0000000725400000|  0%| F|  |TAMS 0x0000000725300000, 0x0000000725300000| Untracked 
|  72|0x0000000725400000, 0x0000000725400000, 0x0000000725500000|  0%| F|  |TAMS 0x0000000725400000, 0x0000000725400000| Untracked 
|  73|0x0000000725500000, 0x0000000725500000, 0x0000000725600000|  0%| F|  |TAMS 0x0000000725500000, 0x0000000725500000| Untracked 
|  74|0x0000000725600000, 0x0000000725600000, 0x0000000725700000|  0%| F|  |TAMS 0x0000000725600000, 0x0000000725600000| Untracked 
|  75|0x0000000725700000, 0x0000000725700000, 0x0000000725800000|  0%| F|  |TAMS 0x0000000725700000, 0x0000000725700000| Untracked 
|  76|0x0000000725800000, 0x0000000725800000, 0x0000000725900000|  0%| F|  |TAMS 0x0000000725800000, 0x0000000725800000| Untracked 
|  77|0x0000000725900000, 0x0000000725900000, 0x0000000725a00000|  0%| F|  |TAMS 0x0000000725900000, 0x0000000725900000| Untracked 
|  78|0x0000000725a00000, 0x0000000725a00000, 0x0000000725b00000|  0%| F|  |TAMS 0x0000000725a00000, 0x0000000725a00000| Untracked 
|  79|0x0000000725b00000, 0x0000000725b00000, 0x0000000725c00000|  0%| F|  |TAMS 0x0000000725b00000, 0x0000000725b00000| Untracked 
|  80|0x0000000725c00000, 0x0000000725c00000, 0x0000000725d00000|  0%| F|  |TAMS 0x0000000725c00000, 0x0000000725c00000| Untracked 
|  81|0x0000000725d00000, 0x0000000725d00000, 0x0000000725e00000|  0%| F|  |TAMS 0x0000000725d00000, 0x0000000725d00000| Untracked 
|  82|0x0000000725e00000, 0x0000000725e00000, 0x0000000725f00000|  0%| F|  |TAMS 0x0000000725e00000, 0x0000000725e00000| Untracked 
|  83|0x0000000725f00000, 0x0000000725f00000, 0x0000000726000000|  0%| F|  |TAMS 0x0000000725f00000, 0x0000000725f00000| Untracked 
|  84|0x0000000726000000, 0x0000000726000000, 0x0000000726100000|  0%| F|  |TAMS 0x0000000726000000, 0x0000000726000000| Untracked 
|  85|0x0000000726100000, 0x0000000726100000, 0x0000000726200000|  0%| F|  |TAMS 0x0000000726100000, 0x0000000726100000| Untracked 
|  86|0x0000000726200000, 0x0000000726200000, 0x0000000726300000|  0%| F|  |TAMS 0x0000000726200000, 0x0000000726200000| Untracked 
|  87|0x0000000726300000, 0x0000000726300000, 0x0000000726400000|  0%| F|  |TAMS 0x0000000726300000, 0x0000000726300000| Untracked 
|  88|0x0000000726400000, 0x0000000726400000, 0x0000000726500000|  0%| F|  |TAMS 0x0000000726400000, 0x0000000726400000| Untracked 
|  89|0x0000000726500000, 0x0000000726500000, 0x0000000726600000|  0%| F|  |TAMS 0x0000000726500000, 0x0000000726500000| Untracked 
|  90|0x0000000726600000, 0x0000000726600000, 0x0000000726700000|  0%| F|  |TAMS 0x0000000726600000, 0x0000000726600000| Untracked 
|  91|0x0000000726700000, 0x0000000726700000, 0x0000000726800000|  0%| F|  |TAMS 0x0000000726700000, 0x0000000726700000| Untracked 
|  92|0x0000000726800000, 0x0000000726800000, 0x0000000726900000|  0%| F|  |TAMS 0x0000000726800000, 0x0000000726800000| Untracked 
|  93|0x0000000726900000, 0x0000000726900000, 0x0000000726a00000|  0%| F|  |TAMS 0x0000000726900000, 0x0000000726900000| Untracked 
|  94|0x0000000726a00000, 0x0000000726a00000, 0x0000000726b00000|  0%| F|  |TAMS 0x0000000726a00000, 0x0000000726a00000| Untracked 
|  95|0x0000000726b00000, 0x0000000726b00000, 0x0000000726c00000|  0%| F|  |TAMS 0x0000000726b00000, 0x0000000726b00000| Untracked 
|  96|0x0000000726c00000, 0x0000000726c00000, 0x0000000726d00000|  0%| F|  |TAMS 0x0000000726c00000, 0x0000000726c00000| Untracked 
|  97|0x0000000726d00000, 0x0000000726d00000, 0x0000000726e00000|  0%| F|  |TAMS 0x0000000726d00000, 0x0000000726d00000| Untracked 
|  98|0x0000000726e00000, 0x0000000726e00000, 0x0000000726f00000|  0%| F|  |TAMS 0x0000000726e00000, 0x0000000726e00000| Untracked 
|  99|0x0000000726f00000, 0x0000000726f00000, 0x0000000727000000|  0%| F|  |TAMS 0x0000000726f00000, 0x0000000726f00000| Untracked 
| 100|0x0000000727000000, 0x0000000727000000, 0x0000000727100000|  0%| F|  |TAMS 0x0000000727000000, 0x0000000727000000| Untracked 
| 101|0x0000000727100000, 0x0000000727100000, 0x0000000727200000|  0%| F|  |TAMS 0x0000000727100000, 0x0000000727100000| Untracked 
| 102|0x0000000727200000, 0x0000000727200000, 0x0000000727300000|  0%| F|  |TAMS 0x0000000727200000, 0x0000000727200000| Untracked 
| 103|0x0000000727300000, 0x0000000727300000, 0x0000000727400000|  0%| F|  |TAMS 0x0000000727300000, 0x0000000727300000| Untracked 
| 104|0x0000000727400000, 0x0000000727400000, 0x0000000727500000|  0%| F|  |TAMS 0x0000000727400000, 0x0000000727400000| Untracked 
| 105|0x0000000727500000, 0x0000000727500000, 0x0000000727600000|  0%| F|  |TAMS 0x0000000727500000, 0x0000000727500000| Untracked 
| 106|0x0000000727600000, 0x0000000727600000, 0x0000000727700000|  0%| F|  |TAMS 0x0000000727600000, 0x0000000727600000| Untracked 
| 107|0x0000000727700000, 0x0000000727700000, 0x0000000727800000|  0%| F|  |TAMS 0x0000000727700000, 0x0000000727700000| Untracked 
| 108|0x0000000727800000, 0x0000000727800000, 0x0000000727900000|  0%| F|  |TAMS 0x0000000727800000, 0x0000000727800000| Untracked 
| 109|0x0000000727900000, 0x0000000727900000, 0x0000000727a00000|  0%| F|  |TAMS 0x0000000727900000, 0x0000000727900000| Untracked 
| 110|0x0000000727a00000, 0x0000000727a00000, 0x0000000727b00000|  0%| F|  |TAMS 0x0000000727a00000, 0x0000000727a00000| Untracked 
| 111|0x0000000727b00000, 0x0000000727b00000, 0x0000000727c00000|  0%| F|  |TAMS 0x0000000727b00000, 0x0000000727b00000| Untracked 
| 112|0x0000000727c00000, 0x0000000727c00000, 0x0000000727d00000|  0%| F|  |TAMS 0x0000000727c00000, 0x0000000727c00000| Untracked 
| 113|0x0000000727d00000, 0x0000000727d00000, 0x0000000727e00000|  0%| F|  |TAMS 0x0000000727d00000, 0x0000000727d00000| Untracked 
| 114|0x0000000727e00000, 0x0000000727e00000, 0x0000000727f00000|  0%| F|  |TAMS 0x0000000727e00000, 0x0000000727e00000| Untracked 
| 115|0x0000000727f00000, 0x0000000727f00000, 0x0000000728000000|  0%| F|  |TAMS 0x0000000727f00000, 0x0000000727f00000| Untracked 
| 116|0x0000000728000000, 0x0000000728000000, 0x0000000728100000|  0%| F|  |TAMS 0x0000000728000000, 0x0000000728000000| Untracked 
| 117|0x0000000728100000, 0x0000000728100000, 0x0000000728200000|  0%| F|  |TAMS 0x0000000728100000, 0x0000000728100000| Untracked 
| 118|0x0000000728200000, 0x0000000728200000, 0x0000000728300000|  0%| F|  |TAMS 0x0000000728200000, 0x0000000728200000| Untracked 
| 119|0x0000000728300000, 0x0000000728300000, 0x0000000728400000|  0%| F|  |TAMS 0x0000000728300000, 0x0000000728300000| Untracked 
| 120|0x0000000728400000, 0x0000000728400000, 0x0000000728500000|  0%| F|  |TAMS 0x0000000728400000, 0x0000000728400000| Untracked 
| 121|0x0000000728500000, 0x0000000728500000, 0x0000000728600000|  0%| F|  |TAMS 0x0000000728500000, 0x0000000728500000| Untracked 
| 122|0x0000000728600000, 0x0000000728600000, 0x0000000728700000|  0%| F|  |TAMS 0x0000000728600000, 0x0000000728600000| Untracked 
| 123|0x0000000728700000, 0x0000000728700000, 0x0000000728800000|  0%| F|  |TAMS 0x0000000728700000, 0x0000000728700000| Untracked 
| 124|0x0000000728800000, 0x0000000728800000, 0x0000000728900000|  0%| F|  |TAMS 0x0000000728800000, 0x0000000728800000| Untracked 
| 125|0x0000000728900000, 0x0000000728900000, 0x0000000728a00000|  0%| F|  |TAMS 0x0000000728900000, 0x0000000728900000| Untracked 
| 126|0x0000000728a00000, 0x0000000728a00000, 0x0000000728b00000|  0%| F|  |TAMS 0x0000000728a00000, 0x0000000728a00000| Untracked 
| 127|0x0000000728b00000, 0x0000000728b00000, 0x0000000728c00000|  0%| F|  |TAMS 0x0000000728b00000, 0x0000000728b00000| Untracked 
| 128|0x0000000728c00000, 0x0000000728c00000, 0x0000000728d00000|  0%| F|  |TAMS 0x0000000728c00000, 0x0000000728c00000| Untracked 
| 129|0x0000000728d00000, 0x0000000728d00000, 0x0000000728e00000|  0%| F|  |TAMS 0x0000000728d00000, 0x0000000728d00000| Untracked 
| 130|0x0000000728e00000, 0x0000000728e00000, 0x0000000728f00000|  0%| F|  |TAMS 0x0000000728e00000, 0x0000000728e00000| Untracked 
| 131|0x0000000728f00000, 0x0000000728f00000, 0x0000000729000000|  0%| F|  |TAMS 0x0000000728f00000, 0x0000000728f00000| Untracked 
| 132|0x0000000729000000, 0x0000000729000000, 0x0000000729100000|  0%| F|  |TAMS 0x0000000729000000, 0x0000000729000000| Untracked 
| 133|0x0000000729100000, 0x0000000729100000, 0x0000000729200000|  0%| F|  |TAMS 0x0000000729100000, 0x0000000729100000| Untracked 
| 134|0x0000000729200000, 0x0000000729200000, 0x0000000729300000|  0%| F|  |TAMS 0x0000000729200000, 0x0000000729200000| Untracked 
| 135|0x0000000729300000, 0x0000000729300000, 0x0000000729400000|  0%| F|  |TAMS 0x0000000729300000, 0x0000000729300000| Untracked 
| 136|0x0000000729400000, 0x0000000729400000, 0x0000000729500000|  0%| F|  |TAMS 0x0000000729400000, 0x0000000729400000| Untracked 
| 137|0x0000000729500000, 0x0000000729500000, 0x0000000729600000|  0%| F|  |TAMS 0x0000000729500000, 0x0000000729500000| Untracked 
| 138|0x0000000729600000, 0x0000000729600000, 0x0000000729700000|  0%| F|  |TAMS 0x0000000729600000, 0x0000000729600000| Untracked 
| 139|0x0000000729700000, 0x0000000729700000, 0x0000000729800000|  0%| F|  |TAMS 0x0000000729700000, 0x0000000729700000| Untracked 
| 140|0x0000000729800000, 0x0000000729800000, 0x0000000729900000|  0%| F|  |TAMS 0x0000000729800000, 0x0000000729800000| Untracked 
| 141|0x0000000729900000, 0x0000000729900000, 0x0000000729a00000|  0%| F|  |TAMS 0x0000000729900000, 0x0000000729900000| Untracked 
| 142|0x0000000729a00000, 0x0000000729a00000, 0x0000000729b00000|  0%| F|  |TAMS 0x0000000729a00000, 0x0000000729a00000| Untracked 
| 143|0x0000000729b00000, 0x0000000729b00000, 0x0000000729c00000|  0%| F|  |TAMS 0x0000000729b00000, 0x0000000729b00000| Untracked 
| 144|0x0000000729c00000, 0x0000000729c00000, 0x0000000729d00000|  0%| F|  |TAMS 0x0000000729c00000, 0x0000000729c00000| Untracked 
| 145|0x0000000729d00000, 0x0000000729d00000, 0x0000000729e00000|  0%| F|  |TAMS 0x0000000729d00000, 0x0000000729d00000| Untracked 
| 146|0x0000000729e00000, 0x0000000729e00000, 0x0000000729f00000|  0%| F|  |TAMS 0x0000000729e00000, 0x0000000729e00000| Untracked 
| 147|0x0000000729f00000, 0x0000000729f00000, 0x000000072a000000|  0%| F|  |TAMS 0x0000000729f00000, 0x0000000729f00000| Untracked 
| 148|0x000000072a000000, 0x000000072a000000, 0x000000072a100000|  0%| F|  |TAMS 0x000000072a000000, 0x000000072a000000| Untracked 
| 149|0x000000072a100000, 0x000000072a100000, 0x000000072a200000|  0%| F|  |TAMS 0x000000072a100000, 0x000000072a100000| Untracked 
| 150|0x000000072a200000, 0x000000072a200000, 0x000000072a300000|  0%| F|  |TAMS 0x000000072a200000, 0x000000072a200000| Untracked 
| 151|0x000000072a300000, 0x000000072a300000, 0x000000072a400000|  0%| F|  |TAMS 0x000000072a300000, 0x000000072a300000| Untracked 
| 152|0x000000072a400000, 0x000000072a400000, 0x000000072a500000|  0%| F|  |TAMS 0x000000072a400000, 0x000000072a400000| Untracked 
| 153|0x000000072a500000, 0x000000072a500000, 0x000000072a600000|  0%| F|  |TAMS 0x000000072a500000, 0x000000072a500000| Untracked 
| 154|0x000000072a600000, 0x000000072a600000, 0x000000072a700000|  0%| F|  |TAMS 0x000000072a600000, 0x000000072a600000| Untracked 
| 155|0x000000072a700000, 0x000000072a700000, 0x000000072a800000|  0%| F|  |TAMS 0x000000072a700000, 0x000000072a700000| Untracked 
| 156|0x000000072a800000, 0x000000072a800000, 0x000000072a900000|  0%| F|  |TAMS 0x000000072a800000, 0x000000072a800000| Untracked 
| 157|0x000000072a900000, 0x000000072a900000, 0x000000072aa00000|  0%| F|  |TAMS 0x000000072a900000, 0x000000072a900000| Untracked 
| 158|0x000000072aa00000, 0x000000072aa00000, 0x000000072ab00000|  0%| F|  |TAMS 0x000000072aa00000, 0x000000072aa00000| Untracked 
| 159|0x000000072ab00000, 0x000000072ab98a60, 0x000000072ac00000| 59%| E|  |TAMS 0x000000072ab00000, 0x000000072ab00000| Complete 
| 160|0x000000072ac00000, 0x000000072ad00000, 0x000000072ad00000|100%| E|CS|TAMS 0x000000072ac00000, 0x000000072ac00000| Complete 
| 161|0x000000072ad00000, 0x000000072ae00000, 0x000000072ae00000|100%| E|CS|TAMS 0x000000072ad00000, 0x000000072ad00000| Complete 
| 162|0x000000072ae00000, 0x000000072af00000, 0x000000072af00000|100%| E|CS|TAMS 0x000000072ae00000, 0x000000072ae00000| Complete 
| 163|0x000000072af00000, 0x000000072b000000, 0x000000072b000000|100%| E|CS|TAMS 0x000000072af00000, 0x000000072af00000| Complete 
| 164|0x000000072b000000, 0x000000072b100000, 0x000000072b100000|100%| E|CS|TAMS 0x000000072b000000, 0x000000072b000000| Complete 
| 165|0x000000072b100000, 0x000000072b200000, 0x000000072b200000|100%| E|CS|TAMS 0x000000072b100000, 0x000000072b100000| Complete 
| 166|0x000000072b200000, 0x000000072b300000, 0x000000072b300000|100%| E|CS|TAMS 0x000000072b200000, 0x000000072b200000| Complete 
| 167|0x000000072b300000, 0x000000072b400000, 0x000000072b400000|100%| E|CS|TAMS 0x000000072b300000, 0x000000072b300000| Complete 
| 168|0x000000072b400000, 0x000000072b500000, 0x000000072b500000|100%| E|CS|TAMS 0x000000072b400000, 0x000000072b400000| Complete 
| 169|0x000000072b500000, 0x000000072b600000, 0x000000072b600000|100%| E|CS|TAMS 0x000000072b500000, 0x000000072b500000| Complete 
| 170|0x000000072b600000, 0x000000072b700000, 0x000000072b700000|100%| E|CS|TAMS 0x000000072b600000, 0x000000072b600000| Complete 
| 171|0x000000072b700000, 0x000000072b800000, 0x000000072b800000|100%| E|CS|TAMS 0x000000072b700000, 0x000000072b700000| Complete 
| 172|0x000000072b800000, 0x000000072b900000, 0x000000072b900000|100%| E|CS|TAMS 0x000000072b800000, 0x000000072b800000| Complete 
| 173|0x000000072b900000, 0x000000072ba00000, 0x000000072ba00000|100%| E|CS|TAMS 0x000000072b900000, 0x000000072b900000| Complete 
| 174|0x000000072ba00000, 0x000000072bb00000, 0x000000072bb00000|100%| E|CS|TAMS 0x000000072ba00000, 0x000000072ba00000| Complete 
| 175|0x000000072bb00000, 0x000000072bc00000, 0x000000072bc00000|100%| E|CS|TAMS 0x000000072bb00000, 0x000000072bb00000| Complete 
| 176|0x000000072bc00000, 0x000000072bd00000, 0x000000072bd00000|100%| E|CS|TAMS 0x000000072bc00000, 0x000000072bc00000| Complete 
| 177|0x000000072bd00000, 0x000000072be00000, 0x000000072be00000|100%| E|CS|TAMS 0x000000072bd00000, 0x000000072bd00000| Complete 
| 178|0x000000072be00000, 0x000000072bf00000, 0x000000072bf00000|100%| E|CS|TAMS 0x000000072be00000, 0x000000072be00000| Complete 
| 179|0x000000072bf00000, 0x000000072c000000, 0x000000072c000000|100%| E|CS|TAMS 0x000000072bf00000, 0x000000072bf00000| Complete 
| 180|0x000000072c000000, 0x000000072c100000, 0x000000072c100000|100%| E|CS|TAMS 0x000000072c000000, 0x000000072c000000| Complete 
| 181|0x000000072c100000, 0x000000072c200000, 0x000000072c200000|100%| E|CS|TAMS 0x000000072c100000, 0x000000072c100000| Complete 
| 182|0x000000072c200000, 0x000000072c300000, 0x000000072c300000|100%| E|CS|TAMS 0x000000072c200000, 0x000000072c200000| Complete 
| 183|0x000000072c300000, 0x000000072c400000, 0x000000072c400000|100%| E|CS|TAMS 0x000000072c300000, 0x000000072c300000| Complete 
| 184|0x000000072c400000, 0x000000072c500000, 0x000000072c500000|100%| E|CS|TAMS 0x000000072c400000, 0x000000072c400000| Complete 
| 185|0x000000072c500000, 0x000000072c600000, 0x000000072c600000|100%| E|CS|TAMS 0x000000072c500000, 0x000000072c500000| Complete 
| 186|0x000000072c600000, 0x000000072c700000, 0x000000072c700000|100%| E|CS|TAMS 0x000000072c600000, 0x000000072c600000| Complete 
| 187|0x000000072c700000, 0x000000072c800000, 0x000000072c800000|100%| E|CS|TAMS 0x000000072c700000, 0x000000072c700000| Complete 
| 188|0x000000072c800000, 0x000000072c900000, 0x000000072c900000|100%| E|CS|TAMS 0x000000072c800000, 0x000000072c800000| Complete 
| 189|0x000000072c900000, 0x000000072ca00000, 0x000000072ca00000|100%| E|CS|TAMS 0x000000072c900000, 0x000000072c900000| Complete 
| 190|0x000000072ca00000, 0x000000072cb00000, 0x000000072cb00000|100%| E|CS|TAMS 0x000000072ca00000, 0x000000072ca00000| Complete 
| 191|0x000000072cb00000, 0x000000072cc00000, 0x000000072cc00000|100%| E|CS|TAMS 0x000000072cb00000, 0x000000072cb00000| Complete 
| 192|0x000000072cc00000, 0x000000072cd00000, 0x000000072cd00000|100%| E|CS|TAMS 0x000000072cc00000, 0x000000072cc00000| Complete 
| 193|0x000000072cd00000, 0x000000072ce00000, 0x000000072ce00000|100%| E|CS|TAMS 0x000000072cd00000, 0x000000072cd00000| Complete 
| 194|0x000000072ce00000, 0x000000072cf00000, 0x000000072cf00000|100%| E|CS|TAMS 0x000000072ce00000, 0x000000072ce00000| Complete 
| 195|0x000000072cf00000, 0x000000072d000000, 0x000000072d000000|100%| E|CS|TAMS 0x000000072cf00000, 0x000000072cf00000| Complete 
| 196|0x000000072d000000, 0x000000072d100000, 0x000000072d100000|100%| E|CS|TAMS 0x000000072d000000, 0x000000072d000000| Complete 
| 197|0x000000072d100000, 0x000000072d200000, 0x000000072d200000|100%| E|CS|TAMS 0x000000072d100000, 0x000000072d100000| Complete 
| 198|0x000000072d200000, 0x000000072d300000, 0x000000072d300000|100%| E|CS|TAMS 0x000000072d200000, 0x000000072d200000| Complete 
| 199|0x000000072d300000, 0x000000072d400000, 0x000000072d400000|100%| E|CS|TAMS 0x000000072d300000, 0x000000072d300000| Complete 
| 200|0x000000072d400000, 0x000000072d500000, 0x000000072d500000|100%| E|CS|TAMS 0x000000072d400000, 0x000000072d400000| Complete 
| 201|0x000000072d500000, 0x000000072d600000, 0x000000072d600000|100%| E|CS|TAMS 0x000000072d500000, 0x000000072d500000| Complete 
| 202|0x000000072d600000, 0x000000072d700000, 0x000000072d700000|100%| E|CS|TAMS 0x000000072d600000, 0x000000072d600000| Complete 
| 203|0x000000072d700000, 0x000000072d800000, 0x000000072d800000|100%| E|CS|TAMS 0x000000072d700000, 0x000000072d700000| Complete 
| 204|0x000000072d800000, 0x000000072d900000, 0x000000072d900000|100%| E|CS|TAMS 0x000000072d800000, 0x000000072d800000| Complete 
| 205|0x000000072d900000, 0x000000072da00000, 0x000000072da00000|100%| E|CS|TAMS 0x000000072d900000, 0x000000072d900000| Complete 
| 206|0x000000072da00000, 0x000000072db00000, 0x000000072db00000|100%| E|CS|TAMS 0x000000072da00000, 0x000000072da00000| Complete 
| 207|0x000000072db00000, 0x000000072dc00000, 0x000000072dc00000|100%| E|CS|TAMS 0x000000072db00000, 0x000000072db00000| Complete 
| 208|0x000000072dc00000, 0x000000072dd00000, 0x000000072dd00000|100%| E|CS|TAMS 0x000000072dc00000, 0x000000072dc00000| Complete 
| 209|0x000000072dd00000, 0x000000072de00000, 0x000000072de00000|100%| E|CS|TAMS 0x000000072dd00000, 0x000000072dd00000| Complete 
| 210|0x000000072de00000, 0x000000072df00000, 0x000000072df00000|100%| E|CS|TAMS 0x000000072de00000, 0x000000072de00000| Complete 
| 211|0x000000072df00000, 0x000000072dfa1e00, 0x000000072e000000| 63%| S|CS|TAMS 0x000000072df00000, 0x000000072df00000| Complete 
| 212|0x000000072e000000, 0x000000072e100000, 0x000000072e100000|100%| S|CS|TAMS 0x000000072e000000, 0x000000072e000000| Complete 
| 213|0x000000072e100000, 0x000000072e200000, 0x000000072e200000|100%| E|CS|TAMS 0x000000072e100000, 0x000000072e100000| Complete 
| 214|0x000000072e200000, 0x000000072e300000, 0x000000072e300000|100%| E|CS|TAMS 0x000000072e200000, 0x000000072e200000| Complete 
| 215|0x000000072e300000, 0x000000072e400000, 0x000000072e400000|100%| E|CS|TAMS 0x000000072e300000, 0x000000072e300000| Complete 
| 216|0x000000072e400000, 0x000000072e500000, 0x000000072e500000|100%| E|CS|TAMS 0x000000072e400000, 0x000000072e400000| Complete 
| 217|0x000000072e500000, 0x000000072e600000, 0x000000072e600000|100%| E|CS|TAMS 0x000000072e500000, 0x000000072e500000| Complete 
| 218|0x000000072e600000, 0x000000072e700000, 0x000000072e700000|100%| E|CS|TAMS 0x000000072e600000, 0x000000072e600000| Complete 
| 219|0x000000072e700000, 0x000000072e800000, 0x000000072e800000|100%| E|CS|TAMS 0x000000072e700000, 0x000000072e700000| Complete 
| 220|0x000000072e800000, 0x000000072e900000, 0x000000072e900000|100%| E|CS|TAMS 0x000000072e800000, 0x000000072e800000| Complete 
| 221|0x000000072e900000, 0x000000072ea00000, 0x000000072ea00000|100%| E|CS|TAMS 0x000000072e900000, 0x000000072e900000| Complete 
| 222|0x000000072ea00000, 0x000000072eb00000, 0x000000072eb00000|100%| E|CS|TAMS 0x000000072ea00000, 0x000000072ea00000| Complete 
| 223|0x000000072eb00000, 0x000000072ec00000, 0x000000072ec00000|100%| E|CS|TAMS 0x000000072eb00000, 0x000000072eb00000| Complete 

Card table byte_map: [0x0000025874410000,0x0000025874b10000] _byte_map_base: 0x0000025870b0a000

Marking Bits (Prev, Next): (CMBitMap*) 0x00000258693b3e68, (CMBitMap*) 0x00000258693b3ea0
 Prev Bits: [0x0000025875210000, 0x00000258789e0000)
 Next Bits: [0x00000258789e0000, 0x000002587c1b0000)

Polling page: 0x0000025869420000

Metaspace:

Usage:
  Non-class:     41.96 MB capacity,    41.68 MB (>99%) used,   207.80 KB ( <1%) free+waste,    72.81 KB ( <1%) overhead. 
      Class:      5.70 MB capacity,     5.47 MB ( 96%) used,   201.01 KB (  3%) free+waste,    31.81 KB ( <1%) overhead. 
       Both:     47.65 MB capacity,    47.15 MB ( 99%) used,   408.80 KB ( <1%) free+waste,   104.63 KB ( <1%) overhead. 

Virtual space:
  Non-class space:       44.00 MB reserved,      41.96 MB ( 95%) committed 
      Class space:        1.00 GB reserved,       5.75 MB ( <1%) committed 
             Both:        1.04 GB reserved,      47.70 MB (  4%) committed 

Chunk freelists:
   Non-Class:  1.00 KB
       Class:  23.00 KB
        Both:  24.00 KB

MaxMetaspaceSize: 17179869184.00 GB
CompressedClassSpaceSize: 1.00 GB
Initial GC threshold: 20.80 MB
Current GC threshold: 59.09 MB
CDS: off

CodeHeap 'non-profiled nmethods': size=120000Kb used=2005Kb max_used=2005Kb free=117995Kb
 bounds [0x0000025807ad0000, 0x0000025807d40000, 0x000002580f000000]
CodeHeap 'profiled nmethods': size=120000Kb used=8941Kb max_used=8941Kb free=111058Kb
 bounds [0x00000258005a0000, 0x0000025800e60000, 0x0000025807ad0000]
CodeHeap 'non-nmethods': size=5760Kb used=1271Kb max_used=1317Kb free=4488Kb
 bounds [0x0000025800000000, 0x0000025800270000, 0x00000258005a0000]
 total_blobs=4560 nmethods=4007 adapters=465
 compilation: enabled
              stopped_count=0, restarted_count=0
 full_count=0

Compilation events (20 events):
Event: 31.536 Thread 0x000002587f5a7000 nmethod 4027 0x0000025800e55990 code [0x0000025800e55b80, 0x0000025800e55e58]
Event: 31.536 Thread 0x000002587f5a7000 4028       3       org.jetbrains.kotlin.com.intellij.util.text.CharArrayUtil::shiftForward (102 bytes)
Event: 31.537 Thread 0x000002587f5a7000 nmethod 4028 0x0000025800e55f90 code [0x0000025800e56240, 0x0000025800e56f38]
Event: 31.538 Thread 0x000002587f5a7000 4029       3       org.jetbrains.kotlin.com.intellij.openapi.vfs.VirtualFile::findFileByRelativePath (145 bytes)
Event: 31.540 Thread 0x000002587f5a3000 nmethod 4026 0x0000025807cbdb90 code [0x0000025807cbdd60, 0x0000025807cbe838]
Event: 31.541 Thread 0x000002587f5a7000 nmethod 4029 0x0000025800e57490 code [0x0000025800e577a0, 0x0000025800e586d8]
Event: 31.545 Thread 0x000002587f5a3000 4030       4       jdk.internal.org.objectweb.asm.Type::getArgumentsAndReturnSizes (151 bytes)
Event: 31.548 Thread 0x000002587f5a7000 4031       3       java.lang.Module::implIsExportedOrOpen (92 bytes)
Event: 31.549 Thread 0x000002587f5a7000 nmethod 4031 0x0000025800e58d10 code [0x0000025800e58f20, 0x0000025800e595d8]
Event: 31.552 Thread 0x000002587f5a7000 4032       1       org.jetbrains.kotlin.cli.jvm.index.JvmDependenciesIndexImpl$TraverseRequest::getAcceptedRootTypes (5 bytes)
Event: 31.552 Thread 0x000002587f5a7000 nmethod 4032 0x0000025807cbee90 code [0x0000025807cbf040, 0x0000025807cbf0f8]
Event: 31.553 Thread 0x000002587f5a7000 4034       3       kotlin.text.StringsKt__StringsKt::indexOf$default (26 bytes)
Event: 31.553 Thread 0x000002587f5a7000 nmethod 4034 0x0000025800e59790 code [0x0000025800e59940, 0x0000025800e59ac8]
Event: 31.553 Thread 0x000002587f5a7000 4035       3       kotlin.text.StringsKt__StringsKt::indexOf (48 bytes)
Event: 31.557 Thread 0x000002587f5a7000 nmethod 4035 0x0000025800e59b90 code [0x0000025800e59e20, 0x0000025800e5a9a8]
Event: 31.564 Thread 0x000002587f5a7000 4036       3       java.lang.reflect.AccessibleObject::checkPermission (16 bytes)
Event: 31.564 Thread 0x000002587f5a7000 nmethod 4036 0x0000025800e5ad10 code [0x0000025800e5aee0, 0x0000025800e5b148]
Event: 31.564 Thread 0x000002587f5a7000 4037       3       java.lang.reflect.AccessibleObject::checkCanSetAccessible (9 bytes)
Event: 31.565 Thread 0x000002587f5a7000 nmethod 4037 0x0000025800e5b210 code [0x0000025800e5b3c0, 0x0000025800e5b4e8]
Event: 31.565 Thread 0x000002587f5a7000 4038       3       java.lang.reflect.AccessibleObject::checkCanSetAccessible (386 bytes)

GC Heap History (10 events):
Event: 2.830 GC heap before
{Heap before GC invocations=0 (full 0):
 garbage-first heap   total 229376K, used 27648K [0x0000000720c00000, 0x0000000800000000)
  region size 1024K, 24 young (24576K), 0 survivors (0K)
 Metaspace       used 12398K, capacity 12504K, committed 12800K, reserved 1060864K
  class space    used 1150K, capacity 1207K, committed 1280K, reserved 1048576K
}
Event: 2.911 GC heap after
{Heap after GC invocations=1 (full 0):
 garbage-first heap   total 229376K, used 5830K [0x0000000720c00000, 0x0000000800000000)
  region size 1024K, 3 young (3072K), 3 survivors (3072K)
 Metaspace       used 12398K, capacity 12504K, committed 12800K, reserved 1060864K
  class space    used 1150K, capacity 1207K, committed 1280K, reserved 1048576K
}
Event: 6.885 GC heap before
{Heap before GC invocations=1 (full 0):
 garbage-first heap   total 229376K, used 41670K [0x0000000720c00000, 0x0000000800000000)
  region size 1024K, 39 young (39936K), 3 survivors (3072K)
 Metaspace       used 21026K, capacity 21182K, committed 21248K, reserved 1069056K
  class space    used 2208K, capacity 2280K, committed 2304K, reserved 1048576K
}
Event: 6.902 GC heap after
{Heap after GC invocations=2 (full 0):
 garbage-first heap   total 229376K, used 9285K [0x0000000720c00000, 0x0000000800000000)
  region size 1024K, 7 young (7168K), 7 survivors (7168K)
 Metaspace       used 21026K, capacity 21182K, committed 21248K, reserved 1069056K
  class space    used 2208K, capacity 2280K, committed 2304K, reserved 1048576K
}
Event: 14.873 GC heap before
{Heap before GC invocations=3 (full 0):
 garbage-first heap   total 229376K, used 64581K [0x0000000720c00000, 0x0000000800000000)
  region size 1024K, 56 young (57344K), 7 survivors (7168K)
 Metaspace       used 32564K, capacity 32991K, committed 33148K, reserved 1079296K
  class space    used 4013K, capacity 4182K, committed 4220K, reserved 1048576K
}
Event: 14.902 GC heap after
{Heap after GC invocations=4 (full 0):
 garbage-first heap   total 229376K, used 20802K [0x0000000720c00000, 0x0000000800000000)
  region size 1024K, 7 young (7168K), 7 survivors (7168K)
 Metaspace       used 32564K, capacity 32991K, committed 33148K, reserved 1079296K
  class space    used 4013K, capacity 4182K, committed 4220K, reserved 1048576K
}
Event: 15.164 GC heap before
{Heap before GC invocations=4 (full 0):
 garbage-first heap   total 229376K, used 24898K [0x0000000720c00000, 0x0000000800000000)
  region size 1024K, 11 young (11264K), 7 survivors (7168K)
 Metaspace       used 33702K, capacity 34175K, committed 34428K, reserved 1079296K
  class space    used 4148K, capacity 4342K, committed 4476K, reserved 1048576K
}
Event: 15.180 GC heap after
{Heap after GC invocations=5 (full 0):
 garbage-first heap   total 229376K, used 21996K [0x0000000720c00000, 0x0000000800000000)
  region size 1024K, 1 young (1024K), 1 survivors (1024K)
 Metaspace       used 33702K, capacity 34175K, committed 34428K, reserved 1079296K
  class space    used 4148K, capacity 4342K, committed 4476K, reserved 1048576K
}
Event: 16.437 GC heap before
{Heap before GC invocations=5 (full 0):
 garbage-first heap   total 229376K, used 31212K [0x0000000720c00000, 0x0000000800000000)
  region size 1024K, 11 young (11264K), 1 survivors (1024K)
 Metaspace       used 35497K, capacity 35882K, committed 36048K, reserved 1081344K
  class space    used 4322K, capacity 4506K, committed 4604K, reserved 1048576K
}
Event: 16.440 GC heap after
{Heap after GC invocations=6 (full 0):
 garbage-first heap   total 229376K, used 20596K [0x0000000720c00000, 0x0000000800000000)
  region size 1024K, 2 young (2048K), 2 survivors (2048K)
 Metaspace       used 35497K, capacity 35882K, committed 36048K, reserved 1081344K
  class space    used 4322K, capacity 4506K, committed 4604K, reserved 1048576K
}

Deoptimization events (20 events):
Event: 31.089 Thread 0x0000025869358800 Uncommon trap: trap_request=0xffffffde fr.pc=0x0000025807c2b98c relative=0x00000000000001ac
Event: 31.089 Thread 0x0000025869358800 Uncommon trap: reason=class_check action=maybe_recompile pc=0x0000025807c2b98c method=java.lang.Character.codePointAt(Ljava/lang/CharSequence;I)I @ 2 c2
Event: 31.089 Thread 0x0000025869358800 DEOPT PACKING pc=0x0000025807c2b98c sp=0x000000f8dfcfcf80
Event: 31.090 Thread 0x0000025869358800 DEOPT UNPACKING pc=0x000002580004a1af sp=0x000000f8dfcfcf38 mode 2
Event: 31.090 Thread 0x0000025869358800 Uncommon trap: trap_request=0xffffffde fr.pc=0x0000025807c2b98c relative=0x00000000000001ac
Event: 31.090 Thread 0x0000025869358800 Uncommon trap: reason=class_check action=maybe_recompile pc=0x0000025807c2b98c method=java.lang.Character.codePointAt(Ljava/lang/CharSequence;I)I @ 2 c2
Event: 31.090 Thread 0x0000025869358800 DEOPT PACKING pc=0x0000025807c2b98c sp=0x000000f8dfcfcf80
Event: 31.090 Thread 0x0000025869358800 DEOPT UNPACKING pc=0x000002580004a1af sp=0x000000f8dfcfcf38 mode 2
Event: 31.090 Thread 0x0000025869358800 Uncommon trap: trap_request=0xffffffde fr.pc=0x0000025807c2b98c relative=0x00000000000001ac
Event: 31.090 Thread 0x0000025869358800 Uncommon trap: reason=class_check action=maybe_recompile pc=0x0000025807c2b98c method=java.lang.Character.codePointAt(Ljava/lang/CharSequence;I)I @ 2 c2
Event: 31.090 Thread 0x0000025869358800 DEOPT PACKING pc=0x0000025807c2b98c sp=0x000000f8dfcfcf80
Event: 31.090 Thread 0x0000025869358800 DEOPT UNPACKING pc=0x000002580004a1af sp=0x000000f8dfcfcf38 mode 2
Event: 31.245 Thread 0x0000025869358800 Uncommon trap: trap_request=0xffffff4d fr.pc=0x0000025807c3886c relative=0x000000000000012c
Event: 31.245 Thread 0x0000025869358800 Uncommon trap: reason=unstable_if action=reinterpret pc=0x0000025807c3886c method=org.jetbrains.kotlin.com.intellij.util.keyFMap.ArrayBackedFMap.indexOf(I)I @ 27 c2
Event: 31.245 Thread 0x0000025869358800 DEOPT PACKING pc=0x0000025807c3886c sp=0x000000f8dfcfd220
Event: 31.245 Thread 0x0000025869358800 DEOPT UNPACKING pc=0x000002580004a1af sp=0x000000f8dfcfd138 mode 2
Event: 31.245 Thread 0x0000025869358800 Uncommon trap: trap_request=0xffffff4d fr.pc=0x0000025807c37504 relative=0x00000000000000e4
Event: 31.245 Thread 0x0000025869358800 Uncommon trap: reason=unstable_if action=reinterpret pc=0x0000025807c37504 method=org.jetbrains.kotlin.com.intellij.util.keyFMap.ArrayBackedFMap.indexOf(I)I @ 27 c2
Event: 31.245 Thread 0x0000025869358800 DEOPT PACKING pc=0x0000025807c37504 sp=0x000000f8dfcfd160
Event: 31.245 Thread 0x0000025869358800 DEOPT UNPACKING pc=0x000002580004a1af sp=0x000000f8dfcfd0e8 mode 2

Classes redefined (0 events):
No events

Internal exceptions (20 events):
Event: 8.458 Thread 0x0000025869358800 Exception <a 'java/lang/NoSuchMethodError'{0x000000072de8ee58}: 'java.lang.Object java.lang.invoke.DirectMethodHandle$Holder.invokeStatic(java.lang.Object, java.lang.Object, java.lang.Object, java.lang.Object, java.lang.Object, java.lang.Object, java.lang.Object, java.lang.Object, java.lang.Object, java.lang.Object, java.lang.Object, java.lang.Object, java.lang.Object, java.lang.Object, java.lang.Object, java.lang.Object)'> (0x000000072de8ee58) thrown at [./src/hotspot/share/interpreter/linkResolver.cpp, l
Event: 8.460 Thread 0x0000025869358800 Exception <a 'java/lang/NoSuchMethodError'{0x000000072de9cd70}: 'java.lang.Object java.lang.invoke.DirectMethodHandle$Holder.invokeSpecial(java.lang.Object, java.lang.Object, int, int, java.lang.Object, java.lang.Object, java.lang.Object)'> (0x000000072de9cd70) thrown at [./src/hotspot/share/interpreter/linkResolver.cpp, line 773]
Event: 8.462 Thread 0x0000025869358800 Exception <a 'java/lang/NoSuchMethodError'{0x000000072dea05a8}: 'java.lang.Object java.lang.invoke.DelegatingMethodHandle$Holder.reinvoke_L(java.lang.Object, int, int, java.lang.Object, java.lang.Object, java.lang.Object)'> (0x000000072dea05a8) thrown at [./src/hotspot/share/interpreter/linkResolver.cpp, line 773]
Event: 8.463 Thread 0x0000025869358800 Exception <a 'java/lang/NoSuchMethodError'{0x000000072dea4930}: 'java.lang.Object java.lang.invoke.DirectMethodHandle$Holder.invokeStatic(java.lang.Object, java.lang.Object, java.lang.Object, java.lang.Object, int)'> (0x000000072dea4930) thrown at [./src/hotspot/share/interpreter/linkResolver.cpp, line 773]
Event: 8.595 Thread 0x0000025869358800 Exception <a 'sun/nio/fs/WindowsException'{0x000000072dde60c0}> (0x000000072dde60c0) thrown at [./src/hotspot/share/prims/jni.cpp, line 617]
Event: 8.595 Thread 0x0000025869358800 Exception <a 'sun/nio/fs/WindowsException'{0x000000072dde6950}> (0x000000072dde6950) thrown at [./src/hotspot/share/prims/jni.cpp, line 617]
Event: 8.596 Thread 0x0000025869358800 Exception <a 'sun/nio/fs/WindowsException'{0x000000072dde71f0}> (0x000000072dde71f0) thrown at [./src/hotspot/share/prims/jni.cpp, line 617]
Event: 8.596 Thread 0x0000025869358800 Exception <a 'sun/nio/fs/WindowsException'{0x000000072dde7bf8}> (0x000000072dde7bf8) thrown at [./src/hotspot/share/prims/jni.cpp, line 617]
Event: 8.597 Thread 0x0000025869358800 Exception <a 'sun/nio/fs/WindowsException'{0x000000072dde8510}> (0x000000072dde8510) thrown at [./src/hotspot/share/prims/jni.cpp, line 617]
Event: 8.597 Thread 0x0000025869358800 Exception <a 'sun/nio/fs/WindowsException'{0x000000072dde8e58}> (0x000000072dde8e58) thrown at [./src/hotspot/share/prims/jni.cpp, line 617]
Event: 8.660 Thread 0x0000025869358800 Exception <a 'java/lang/NoSuchMethodError'{0x000000072ddef7c0}: 'void java.lang.invoke.DirectMethodHandle$Holder.invokeStatic(java.lang.Object, java.lang.Object, java.lang.Object, java.lang.Object)'> (0x000000072ddef7c0) thrown at [./src/hotspot/share/interpreter/linkResolver.cpp, line 773]
Event: 9.511 Thread 0x0000025869358800 Exception <a 'java/lang/NoSuchMethodError'{0x000000072d9d3920}: 'void java.lang.invoke.DirectMethodHandle$Holder.invokeStaticInit(java.lang.Object, java.lang.Object)'> (0x000000072d9d3920) thrown at [./src/hotspot/share/interpreter/linkResolver.cpp, line 773]
Event: 9.871 Thread 0x0000025869358800 Exception <a 'java/lang/NoSuchMethodError'{0x000000072d5f7b68}: 'void java.lang.invoke.DirectMethodHandle$Holder.invokeVirtual(java.lang.Object, java.lang.Object)'> (0x000000072d5f7b68) thrown at [./src/hotspot/share/interpreter/linkResolver.cpp, line 773]
Event: 9.912 Thread 0x0000025869358800 Exception <a 'java/lang/NoSuchMethodError'{0x000000072d4767b0}: 'int java.lang.invoke.DirectMethodHandle$Holder.invokeVirtual(java.lang.Object, java.lang.Object)'> (0x000000072d4767b0) thrown at [./src/hotspot/share/interpreter/linkResolver.cpp, line 773]
Event: 15.701 Thread 0x0000025869358800 Exception <a 'java/lang/NoSuchMethodError'{0x000000072e5c8848}: 'java.lang.Object java.lang.invoke.DirectMethodHandle$Holder.invokeVirtual(java.lang.Object, java.lang.Object, java.lang.Object)'> (0x000000072e5c8848) thrown at [./src/hotspot/share/interpreter/linkResolver.cpp, line 773]
Event: 23.249 Thread 0x0000025869358800 Exception <a 'java/lang/NoSuchMethodError'{0x000000072c6f38c8}: 'java.lang.Object java.lang.invoke.Invokers$Holder.linkToTargetMethod(java.lang.Object, int, java.lang.Object)'> (0x000000072c6f38c8) thrown at [./src/hotspot/share/interpreter/linkResolver.cpp, line 773]
Event: 24.509 Thread 0x0000025869358800 Implicit null exception at 0x0000025807c18d4c to 0x0000025807c18e34
Event: 25.526 Thread 0x0000025869358800 Exception <a 'java/lang/NoSuchMethodError'{0x000000072bde7108}: 'java.lang.Object java.lang.invoke.DirectMethodHandle$Holder.invokeStatic(java.lang.Object, java.lang.Object, java.lang.Object, int)'> (0x000000072bde7108) thrown at [./src/hotspot/share/interpreter/linkResolver.cpp, line 773]
Event: 25.526 Thread 0x0000025869358800 Exception <a 'java/lang/NoSuchMethodError'{0x000000072bdead78}: 'java.lang.Object java.lang.invoke.DirectMethodHandle$Holder.invokeSpecial(java.lang.Object, java.lang.Object, java.lang.Object, java.lang.Object, int)'> (0x000000072bdead78) thrown at [./src/hotspot/share/interpreter/linkResolver.cpp, line 773]
Event: 25.527 Thread 0x0000025869358800 Exception <a 'java/lang/NoSuchMethodError'{0x000000072bdee088}: 'java.lang.Object java.lang.invoke.Invokers$Holder.linkToTargetMethod(java.lang.Object, java.lang.Object, int, java.lang.Object)'> (0x000000072bdee088) thrown at [./src/hotspot/share/interpreter/linkResolver.cpp, line 773]

Events (20 events):
Event: 31.548 loading class org/jetbrains/kotlin/com/intellij/psi/PsiClass
Event: 31.548 loading class org/jetbrains/kotlin/com/intellij/psi/PsiClass done
Event: 31.548 loading class org/jetbrains/kotlin/com/intellij/util/ArrayFactory
Event: 31.548 loading class org/jetbrains/kotlin/com/intellij/util/ArrayFactory done
Event: 31.549 loading class org/jetbrains/kotlin/cli/jvm/compiler/KotlinCliJavaFileManagerImpl$findClasses$1
Event: 31.549 loading class org/jetbrains/kotlin/cli/jvm/compiler/KotlinCliJavaFileManagerImpl$findClasses$1 done
Event: 31.549 loading class org/jetbrains/kotlin/cli/jvm/compiler/KotlinCliJavaFileManagerImplKt$toSafeTopLevelClassId$1
Event: 31.549 loading class org/jetbrains/kotlin/cli/jvm/compiler/KotlinCliJavaFileManagerImplKt$toSafeTopLevelClassId$1 done
Event: 31.550 loading class org/jetbrains/kotlin/cli/jvm/compiler/KotlinCliJavaFileManagerImpl$findClasses$1$$special$$inlined$forEachClassId$lambda$1
Event: 31.550 loading class org/jetbrains/kotlin/cli/jvm/compiler/KotlinCliJavaFileManagerImpl$findClasses$1$$special$$inlined$forEachClassId$lambda$1 done
Event: 31.553 loading class org/jetbrains/kotlin/load/java/structure/impl/JavaElementCollectionFromPsiArrayUtil
Event: 31.553 loading class org/jetbrains/kotlin/load/java/structure/impl/JavaElementCollectionFromPsiArrayUtil done
Event: 31.558 loading class org/jetbrains/kotlin/com/intellij/util/IdempotenceChecker
Event: 31.558 loading class org/jetbrains/kotlin/com/intellij/util/IdempotenceChecker done
Event: 31.564 loading class org/jetbrains/kotlin/com/intellij/util/Function
Event: 31.564 loading class org/jetbrains/kotlin/com/intellij/util/Function done
Event: 31.565 loading class org/jetbrains/kotlin/load/java/typeEnhancement/AbstractSignatureParts$toIndexed$1$1
Event: 31.565 loading class org/jetbrains/kotlin/load/java/typeEnhancement/AbstractSignatureParts$toIndexed$1$1 done
Event: 31.566 loading class org/jetbrains/kotlin/types/checker/ClassicTypeSystemContext$DefaultImpls
Event: 31.566 loading class org/jetbrains/kotlin/types/checker/ClassicTypeSystemContext$DefaultImpls done


Dynamic libraries:
0x00007ff6dde30000 - 0x00007ff6dde3d000 	C:\Program Files\Microsoft\jdk-11.0.18.10-hotspot\bin\java.exe
0x00007ffd5c0d0000 - 0x00007ffd5c2e7000 	C:\WINDOWS\SYSTEM32\ntdll.dll
0x00007ffd5a5c0000 - 0x00007ffd5a684000 	C:\WINDOWS\System32\KERNEL32.DLL
0x00007ffd594c0000 - 0x00007ffd59866000 	C:\WINDOWS\System32\KERNELBASE.dll
0x00007ffd59b70000 - 0x00007ffd59c81000 	C:\WINDOWS\System32\ucrtbase.dll
0x00007ffd23150000 - 0x00007ffd23167000 	C:\Program Files\Microsoft\jdk-11.0.18.10-hotspot\bin\jli.dll
0x00007ffd5a710000 - 0x00007ffd5a8bd000 	C:\WINDOWS\System32\USER32.dll
0x00007ffd59e00000 - 0x00007ffd59e26000 	C:\WINDOWS\System32\win32u.dll
0x00007ffd5bc40000 - 0x00007ffd5bc69000 	C:\WINDOWS\System32\GDI32.dll
0x00007ffd59870000 - 0x00007ffd59988000 	C:\WINDOWS\System32\gdi32full.dll
0x00007ffd59a10000 - 0x00007ffd59aaa000 	C:\WINDOWS\System32\msvcp_win.dll
0x00007ffd24f70000 - 0x00007ffd24f85000 	C:\Program Files\Microsoft\jdk-11.0.18.10-hotspot\bin\VCRUNTIME140.dll
0x00007ffd44c00000 - 0x00007ffd44e93000 	C:\WINDOWS\WinSxS\amd64_microsoft.windows.common-controls_6595b64144ccf1df_6.0.22621.2361_none_2712ced57382f843\COMCTL32.dll
0x00007ffd59e30000 - 0x00007ffd59ed7000 	C:\WINDOWS\System32\msvcrt.dll
0x00007ffd5c050000 - 0x00007ffd5c081000 	C:\WINDOWS\System32\IMM32.DLL
0x00007ffd1c240000 - 0x00007ffd1c2db000 	C:\Program Files\Microsoft\jdk-11.0.18.10-hotspot\bin\msvcp140.dll
0x00007ffcc8d20000 - 0x00007ffcc98b2000 	C:\Program Files\Microsoft\jdk-11.0.18.10-hotspot\bin\server\jvm.dll
0x00007ffd5bb90000 - 0x00007ffd5bc40000 	C:\WINDOWS\System32\ADVAPI32.dll
0x00007ffd5bae0000 - 0x00007ffd5bb86000 	C:\WINDOWS\System32\sechost.dll
0x00007ffd5a8c0000 - 0x00007ffd5a9d7000 	C:\WINDOWS\System32\RPCRT4.dll
0x00007ffd5a6f0000 - 0x00007ffd5a6f8000 	C:\WINDOWS\System32\PSAPI.DLL
0x00007ffd432f0000 - 0x00007ffd432f9000 	C:\WINDOWS\SYSTEM32\WSOCK32.dll
0x00007ffd5ac00000 - 0x00007ffd5ac71000 	C:\WINDOWS\System32\WS2_32.dll
0x00007ffd507a0000 - 0x00007ffd507d4000 	C:\WINDOWS\SYSTEM32\WINMM.dll
0x00007ffd507e0000 - 0x00007ffd507ea000 	C:\WINDOWS\SYSTEM32\VERSION.dll
0x00007ffd583f0000 - 0x00007ffd58408000 	C:\WINDOWS\SYSTEM32\kernel.appcore.dll
0x00007ffd41250000 - 0x00007ffd41260000 	C:\Program Files\Microsoft\jdk-11.0.18.10-hotspot\bin\verify.dll
0x00007ffd4d3c0000 - 0x00007ffd4d5ee000 	C:\WINDOWS\SYSTEM32\DBGHELP.DLL
0x00007ffd5bc70000 - 0x00007ffd5bffa000 	C:\WINDOWS\System32\combase.dll
0x00007ffd5b5e0000 - 0x00007ffd5b6b7000 	C:\WINDOWS\System32\OLEAUT32.dll
0x00007ffd4ed10000 - 0x00007ffd4ed42000 	C:\WINDOWS\SYSTEM32\dbgcore.DLL
0x00007ffd59990000 - 0x00007ffd59a0a000 	C:\WINDOWS\System32\bcryptPrimitives.dll
0x00007ffd21f10000 - 0x00007ffd21f38000 	C:\Program Files\Microsoft\jdk-11.0.18.10-hotspot\bin\java.dll
0x00007ffd40550000 - 0x00007ffd4055a000 	C:\Program Files\Microsoft\jdk-11.0.18.10-hotspot\bin\jimage.dll
0x00007ffd208e0000 - 0x00007ffd208f8000 	C:\Program Files\Microsoft\jdk-11.0.18.10-hotspot\bin\zip.dll
0x00007ffd5ad80000 - 0x00007ffd5b5d8000 	C:\WINDOWS\System32\SHELL32.dll
0x00007ffd57360000 - 0x00007ffd57c52000 	C:\WINDOWS\SYSTEM32\windows.storage.dll
0x00007ffd57220000 - 0x00007ffd5735e000 	C:\WINDOWS\SYSTEM32\wintypes.dll
0x00007ffd5ac80000 - 0x00007ffd5ad73000 	C:\WINDOWS\System32\SHCORE.dll
0x00007ffd5a690000 - 0x00007ffd5a6ee000 	C:\WINDOWS\System32\shlwapi.dll
0x00007ffd59380000 - 0x00007ffd593a6000 	C:\WINDOWS\SYSTEM32\profapi.dll
0x00007ffd208c0000 - 0x00007ffd208d9000 	C:\Program Files\Microsoft\jdk-11.0.18.10-hotspot\bin\net.dll
0x00007ffd522f0000 - 0x00007ffd52427000 	C:\WINDOWS\SYSTEM32\WINHTTP.dll
0x00007ffd588c0000 - 0x00007ffd58929000 	C:\WINDOWS\system32\mswsock.dll
0x00007ffd1f940000 - 0x00007ffd1f953000 	C:\Program Files\Microsoft\jdk-11.0.18.10-hotspot\bin\nio.dll

dbghelp: loaded successfully - version: 4.0.5 - missing functions: none
symbol engine: initialized successfully - sym options: 0x614 - pdb path: .;C:\Program Files\Microsoft\jdk-11.0.18.10-hotspot\bin;C:\WINDOWS\SYSTEM32;C:\WINDOWS\WinSxS\amd64_microsoft.windows.common-controls_6595b64144ccf1df_6.0.22621.2361_none_2712ced57382f843;C:\Program Files\Microsoft\jdk-11.0.18.10-hotspot\bin\server

VM Arguments:
java_command: org.jetbrains.kotlin.cli.jvm.K2JVMCompiler @C:\Estudos\projetos\paper.me\mobile\node_modules\react-native-gesture-handler\android\build\20231110_17340872356386831726.compiler.options
java_class_path (initial): C:\Users\JoaoPedro\.gradle\caches\modules-2\files-2.1\org.jetbrains.kotlin\kotlin-compiler-embeddable\1.6.21\97bdd5a752ce73b58ef16c17bc7f0ea2faff7a2e\kotlin-compiler-embeddable-1.6.21.jar;C:\Users\JoaoPedro\.gradle\caches\modules-2\files-2.1\org.jetbrains.kotlin\kotlin-reflect\1.6.21\5dc3574d9b7bebfcb4ec6b10ada4aaa9e140bd0b\kotlin-reflect-1.6.21.jar;C:\Users\JoaoPedro\.gradle\caches\modules-2\files-2.1\org.jetbrains.kotlin\kotlin-stdlib\1.6.21\11ef67f1900634fd951bad28c53ec957fabbe5b8\kotlin-stdlib-1.6.21.jar;C:\Users\JoaoPedro\.gradle\caches\modules-2\files-2.1\org.jetbrains.kotlin\kotlin-script-runtime\1.6.21\99c6675100da5d6d5b1c5a1032f27f28008d101b\kotlin-script-runtime-1.6.21.jar;C:\Users\JoaoPedro\.gradle\caches\modules-2\files-2.1\org.jetbrains.kotlin\kotlin-daemon-embeddable\1.6.21\46b78cf392e1c4f10854c3cadba44abb7b82250f\kotlin-daemon-embeddable-1.6.21.jar;C:\Users\JoaoPedro\.gradle\caches\modules-2\files-2.1\org.jetbrains.intellij.deps\trove4j\1.0.20200330\3afb14d5f9ceb459d724e907a21145e8ff394f02\trove4j-1.0.20200330.jar;C:\Users\JoaoPedro\.gradle\caches\modules-2\files-2.1\net.java.dev.jna\jna\5.6.0\330f2244e9030119ab3030fc3fededc86713d9cc\jna-5.6.0.jar;C:\Users\JoaoPedro\.gradle\caches\modules-2\files-2.1\org.jetbrains.kotlin\kotlin-stdlib-common\1.6.21\5e5b55c26dbc80372a920aef60eb774b714559b8\kotlin-stdlib-common-1.6.21.jar;C:\Users\JoaoPedro\.gradle\caches\modules-2\files-2.1\org.jetbrains\annotations\13.0\919f0dfe192fb4e063e7dacadee7f8bb9a2672a9\annotations-13.0.jar
Launcher Type: SUN_STANDARD

[Global flags]
     intx CICompilerCount                          = 4                                         {product} {ergonomic}
     uint ConcGCThreads                            = 2                                         {product} {ergonomic}
     uint G1ConcRefinementThreads                  = 8                                         {product} {ergonomic}
   size_t G1HeapRegionSize                         = 1048576                                   {product} {ergonomic}
    uintx GCDrainStackTargetSize                   = 64                                        {product} {ergonomic}
   size_t InitialHeapSize                          = 234881024                                 {product} {ergonomic}
   size_t MarkStackSize                            = 4194304                                   {product} {ergonomic}
   size_t MaxHeapSize                              = 3745513472                                {product} {ergonomic}
   size_t MaxNewSize                               = 2247098368                                {product} {ergonomic}
   size_t MinHeapDeltaBytes                        = 1048576                                   {product} {ergonomic}
    uintx NonNMethodCodeHeapSize                   = 5836300                                {pd product} {ergonomic}
    uintx NonProfiledCodeHeapSize                  = 122910970                              {pd product} {ergonomic}
    uintx ProfiledCodeHeapSize                     = 122910970                              {pd product} {ergonomic}
    uintx ReservedCodeCacheSize                    = 251658240                              {pd product} {ergonomic}
     bool SegmentedCodeCache                       = true                                      {product} {ergonomic}
     bool UseCompressedClassPointers               = true                                 {lp64_product} {ergonomic}
     bool UseCompressedOops                        = true                                 {lp64_product} {ergonomic}
     bool UseG1GC                                  = true                                      {product} {ergonomic}
     bool UseLargePagesIndividualAllocation        = false                                  {pd product} {ergonomic}

Logging:
Log output configuration:
 #0: stdout all=warning uptime,level,tags
 #1: stderr all=off uptime,level,tags

Environment Variables:
JAVA_HOME=C:\Program Files\Microsoft\jdk-11.0.18.10-hotspot\
CLASSPATH=C:\Estudos\projetos\paper.me\mobile\android\\gradle\wrapper\gradle-wrapper.jar
PATH=C:\Estudos\projetos\paper.me\mobile\node_modules\.bin;C:\Estudos\projetos\paper.me\mobile\node_modules\.bin;C:\Estudos\projetos\paper.me\node_modules\.bin;C:\Estudos\projetos\node_modules\.bin;C:\Estudos\node_modules\.bin;C:\node_modules\.bin;C:\Users\JoaoPedro\AppData\Roaming\nvm\v18.17.1\node_modules\npm\node_modules\@npmcli\run-script\lib\node-gyp-bin;C:\Users\JOAOPE~1\AppData\Local\Temp\yarn--1699644138798-0.3644186080240057;C:\Estudos\projetos\paper.me\mobile\node_modules\.bin;C:\Users\JoaoPedro\AppData\Local\Yarn\Data\link\node_modules\.bin;C:\Program Files\libexec\lib\node_modules\npm\bin\node-gyp-bin;C:\Program Files\lib\node_modules\npm\bin\node-gyp-bin;C:\Program Files\nodejs\node_modules\npm\bin\node-gyp-bin;C:\Program Files (x86)\Common Files\Oracle\Java\javapath;C:\Program Files\Microsoft\jdk-11.0.18.10-hotspot\bin;C:\platform-tools;C:\Windows\System32;C:\ProgramData\chocolatey\bin;C:\Users\JoaoPedro\AppData\Local\Android\Sdk\platform-tools;C:\Program Files\OpenSSL-Win64\bin;;C:\WINDOWS\system32;C:\WINDOWS;C:\WINDOWS\System32\Wbem;C:\WINDOWS\System32\WindowsPowerShell\v1.0\;C:\WINDOWS\System32\OpenSSH\;C:\Program Files\Docker\Docker\resources\bin;C:\Users\JoaoPedro\AppData\Local\Microsoft\WindowsApps;C:\Users\JoaoPedro\AppData\Roaming\npm;C:\Users\JoaoPedro\AppData\Local\Programs\Microsoft VS Code\bin;C:\Program Files\MySQL\MySQL Server 8.0\bin;C:\MinGW\bin;C:\Users\JoaoPedro\AppData\Local\JetBrains\CLion 2021.1.2\bin;C:\Users\JoaoPedro\AppData\Local\hyper\app-3.0.2\resources\bin;C:\Users\JoaoPedro\AppData\Roaming\Composer\vendor\bin;C:\Users\JoaoPedro\AppData\Local\Programs\Hyper\resources\bin;C:\Users\JoaoPedro\AppData\Local\Yarn\bin;C:\Users\JoaoPedro\AppData\Roaming\nvm;C:\Program Files\nodejs;C:\Program Files\vtex\bin;C:\Users\JoaoPedro\AppData\Local\GitHubDesktop\bin;C:\Windows\System32;C:\Program Files\Git\bin;C:\Users\JoaoPedro\AppData\Local\Android\Sdk\platform-tools;C:\Users\Joo Pedro\AppData\Local\Programs\Microsoft VS Code\bin;C:\Program 
USERNAME=JoaoPedro
LANG=pt_BR.UTF-8
OS=Windows_NT
PROCESSOR_IDENTIFIER=AMD64 Family 23 Model 24 Stepping 1, AuthenticAMD
TMP=C:\Users\JOAOPE~1\AppData\Local\Temp
TEMP=C:\Users\JOAOPE~1\AppData\Local\Temp



---------------  S Y S T E M  ---------------

OS: Windows 11 , 64 bit Build 22621 (10.0.22621.2428)
OS uptime: 0 days 16:24 hours
Hyper-V role detected

CPU:total 8 (initial active 8) (8 cores per cpu, 2 threads per core) family 23 model 24 stepping 1 microcode 0x0, cmov, cx8, fxsr, mmx, sse, sse2, sse3, ssse3, sse4.1, sse4.2, popcnt, avx, avx2, aes, clmul, mmxext, 3dnowpref, lzcnt, sse4a, ht, tsc, tscinvbit, tscinv, bmi1, bmi2, adx, sha, fma

Memory: 4k page, system-wide physical 14284M (1490M free)
TotalPageFile size 24372M (AvailPageFile size 0M)
current process WorkingSet (physical memory assigned to process): 202M, peak: 227M
current process commit charge ("private bytes"): 388M, peak: 410M

vm_info: OpenJDK 64-Bit Server VM (11.0.18+10-LTS) for windows-amd64 JRE (11.0.18+10-LTS), built on Jan 18 2023 15:56:47 by "MicrosoftCorporation" with MS VC++ 15.9 (VS2017)

END.
